#
# A fatal error has been detected by the Java Runtime Environment:
#
#  SIGSEGV (0xb) at pc=0x00007f2e843b6640, pid=19312, tid=19346
#
# JRE version: OpenJDK Runtime Environment (10.0.2+13) (build 10.0.2+13-Ubuntu-1ubuntu0.18.04.4)
# Java VM: OpenJDK 64-Bit Server VM (10.0.2+13-Ubuntu-1ubuntu0.18.04.4, mixed mode, tiered, compressed oops, g1 gc, linux-amd64)
# Problematic frame:
# C  0x00007f2e843b6640
#
# Core dump will be written. Default location: Core dumps may be processed with "/usr/share/apport/apport %p %s %c %d %P" (or dumping to /home/felipekjr/Documentos/eolic-api/api/core.19312)
#
# If you would like to submit a bug report, please visit:
#   http://bugreport.java.com/bugreport/crash.jsp
#

---------------  S U M M A R Y ------------

Command Line: api.Application

Host: AMD Ryzen 5 1600 Six-Core Processor, 12 cores, 7G, Ubuntu 18.04.1 LTS
Time: Mon Jan 21 18:31:01 2019 -03 elapsed time: 6 seconds (0d 0h 0m 6s)

---------------  T H R E A D  ---------------

Current thread (0x00007f2f2416a800):  JavaThread "C2 CompilerThread2" daemon [_thread_in_native, id=19346, stack(0x00007f2e8bcfd000,0x00007f2e8bdfe000)]


Current CompileTask:
C2:   6033 7189       4       org.springframework.core.annotation.AnnotationUtils::postProcessAnnotationAttributes (163 bytes)

Stack: [0x00007f2e8bcfd000,0x00007f2e8bdfe000],  sp=0x00007f2e8bdf9448,  free space=1009k
Native frames: (J=compiled Java code, A=aot compiled Java code, j=interpreted, Vv=VM code, C=native code)
C  0x00007f2e843b6640


siginfo: si_signo: 11 (SIGSEGV), si_code: 2 (SEGV_ACCERR), si_addr: 0x00007f2e843b6640

Register to memory mapping:

RAX=0x00007f2f2a3b89b0: <offset 0x00000000012499b0> in /usr/lib/jvm/java-11-openjdk-amd64/lib/server/libjvm.so at 0x00007f2f2916f000
RBX=0x00007f2e8bdf9ae0 is pointing into the stack for thread: 0x00007f2f2416a800
RCX=0x00007f2e8bdf9610 is pointing into the stack for thread: 0x00007f2f2416a800
RDX=0x00007f2e7d361760 is an unknown value
RSP=0x00007f2e8bdf9448 is pointing into the stack for thread: 0x00007f2f2416a800
RBP=0x00007f2f2996bee7: <offset 0x00000000007fcee7> in /usr/lib/jvm/java-11-openjdk-amd64/lib/server/libjvm.so at 0x00007f2f2916f000
RSI=0x00007f2e84a49730 is an unknown value
RDI=0x00007f2e7d361760 is an unknown value
R8 =0x00007f2e8bdf9530 is pointing into the stack for thread: 0x00007f2f2416a800
R9 =0x00007f2e8bdf9550 is pointing into the stack for thread: 0x00007f2f2416a800
R10=0x0000000000000000 is an unknown value
R11=0x0000000000000000 is an unknown value
R12=0x00007f2e8bdf9610 is pointing into the stack for thread: 0x00007f2f2416a800
R13=0x00007f2e7d361760 is an unknown value
R14=0x00007f2e8bdf9ae0 is pointing into the stack for thread: 0x00007f2f2416a800
R15=0x00007f2e84a49730 is an unknown value


Registers:
RAX=0x00007f2f2a3b89b0, RBX=0x00007f2e8bdf9ae0, RCX=0x00007f2e8bdf9610, RDX=0x00007f2e7d361760
RSP=0x00007f2e8bdf9448, RBP=0x00007f2f2996bee7, RSI=0x00007f2e84a49730, RDI=0x00007f2e7d361760
R8 =0x00007f2e8bdf9530, R9 =0x00007f2e8bdf9550, R10=0x0000000000000000, R11=0x0000000000000000
R12=0x00007f2e8bdf9610, R13=0x00007f2e7d361760, R14=0x00007f2e8bdf9ae0, R15=0x00007f2e84a49730
RIP=0x00007f2e843b6640, EFLAGS=0x0000000000010202, CSGSFS=0x002b000000000033, ERR=0x0000000000000015
  TRAPNO=0x000000000000000e

Top of Stack: (sp=0x00007f2e8bdf9448)
0x00007f2e8bdf9448:   00007f2e8bdf9530 00007f2e8bdf9550
0x00007f2e8bdf9458:   00007f2e84a49730 3e52d1a26df9d174
0x00007f2e8bdf9468:   000f423f0000067a 00007f2e8bdf9480
0x00007f2e8bdf9478:   00007f2e8bdf9ae0 00007f2e7d361760 

Instructions: (pc=0x00007f2e843b6640)
0x00007f2e843b6620:   00 00 00 00 00 00 00 00 00 00 00 00 00 00 00 c4
0x00007f2e843b6630:   00 00 00 00 00 00 00 00 00 00 00 00 00 00 00 00
0x00007f2e843b6640:   00 00 00 00 00 00 00 00 00 00 00 00 00 00 00 00
0x00007f2e843b6650:   00 00 00 00 00 00 00 00 00 00 00 00 00 00 02 00 


---------------  P R O C E S S  ---------------

Threads class SMR info:
_java_thread_list=0x00007f2e400028e0, length=21, elements={
0x00007f2f24013800, 0x00007f2f24151000, 0x00007f2f24153000, 0x00007f2f2415c000,
0x00007f2f24166800, 0x00007f2f24168800, 0x00007f2f2416a800, 0x00007f2f2416c800,
0x00007f2f2416e800, 0x00007f2f2423b000, 0x00007f2f24246000, 0x00007f2f2498b000,
0x00007f2e68002800, 0x00007f2e6c00f800, 0x00007f2e6c011800, 0x00007f2e5c711800,
0x00007f2e5c714800, 0x00007f2e5cea4800, 0x00007f2e5ced7800, 0x00007f2e40001000,
0x00007f2e5d2c1000
}

Java Threads: ( => current thread )
  0x00007f2f24013800 JavaThread "main" [_thread_blocked, id=19313, stack(0x00007f2f2b1a0000,0x00007f2f2b2a1000)]
  0x00007f2f24151000 JavaThread "Reference Handler" daemon [_thread_blocked, id=19341, stack(0x00007f2eccbe9000,0x00007f2ecccea000)]
  0x00007f2f24153000 JavaThread "Finalizer" daemon [_thread_blocked, id=19342, stack(0x00007f2eccae8000,0x00007f2eccbe9000)]
  0x00007f2f2415c000 JavaThread "Signal Dispatcher" daemon [_thread_blocked, id=19343, stack(0x00007f2ecc018000,0x00007f2ecc119000)]
  0x00007f2f24166800 JavaThread "C2 CompilerThread0" daemon [_thread_in_native, id=19344, stack(0x00007f2e8beff000,0x00007f2e8c000000)]
  0x00007f2f24168800 JavaThread "C2 CompilerThread1" daemon [_thread_in_native, id=19345, stack(0x00007f2e8bdfe000,0x00007f2e8beff000)]
=>0x00007f2f2416a800 JavaThread "C2 CompilerThread2" daemon [_thread_in_native, id=19346, stack(0x00007f2e8bcfd000,0x00007f2e8bdfe000)]
  0x00007f2f2416c800 JavaThread "C1 CompilerThread3" daemon [_thread_blocked, id=19347, stack(0x00007f2e8bbfc000,0x00007f2e8bcfd000)]
  0x00007f2f2416e800 JavaThread "Sweeper thread" daemon [_thread_blocked, id=19348, stack(0x00007f2e8bafb000,0x00007f2e8bbfc000)]
  0x00007f2f2423b000 JavaThread "Service Thread" daemon [_thread_blocked, id=19349, stack(0x00007f2e8b9fa000,0x00007f2e8bafb000)]
  0x00007f2f24246000 JavaThread "Common-Cleaner" daemon [_thread_blocked, id=19351, stack(0x00007f2e8b7f7000,0x00007f2e8b8f8000)]
  0x00007f2f2498b000 JavaThread "Thread-0" [_thread_blocked, id=19352, stack(0x00007f2e8acc1000,0x00007f2e8adc2000)]
  0x00007f2e68002800 JavaThread "restartedMain" [_thread_in_vm, id=19353, stack(0x00007f2e8abc0000,0x00007f2e8acc1000)]
  0x00007f2e6c00f800 JavaThread "Thread-4" daemon [_thread_blocked, id=19356, stack(0x00007f2e8a8bf000,0x00007f2e8a9c0000)]
  0x00007f2e6c011800 JavaThread "SimplePauseDetectorThread_0" daemon [_thread_blocked, id=19357, stack(0x00007f2e89bbe000,0x00007f2e89cbf000)]
  0x00007f2e5c711800 JavaThread "Catalina-utility-1" [_thread_blocked, id=19358, stack(0x00007f2e888bd000,0x00007f2e889be000)]
  0x00007f2e5c714800 JavaThread "container-0" [_thread_blocked, id=19359, stack(0x00007f2e887bc000,0x00007f2e888bd000)]
  0x00007f2e5cea4800 JavaThread "PostgreSQL-JDBC-SharedTimer-1" daemon [_thread_blocked, id=19361, stack(0x00007f2e53cff000,0x00007f2e53e00000)]
  0x00007f2e5ced7800 JavaThread "HikariPool-1 housekeeper" daemon [_thread_blocked, id=19362, stack(0x00007f2e53bfe000,0x00007f2e53cff000)]
  0x00007f2e40001000 JavaThread "HikariPool-1 connection adder" daemon [_thread_blocked, id=19363, stack(0x00007f2e538fd000,0x00007f2e539fe000)]
  0x00007f2e5d2c1000 JavaThread "Live Reload Server" daemon [_thread_in_native, id=19374, stack(0x00007f2e52cfb000,0x00007f2e52dfc000)]

Other Threads:
  0x00007f2f24146800 VMThread "VM Thread" [stack: 0x00007f2ecccec000,0x00007f2eccdec000] [id=19340]
  0x00007f2f2423d800 WatcherThread [stack: 0x00007f2e8b8fa000,0x00007f2e8b9fa000] [id=19350]
  0x00007f2f2402a800 GCTaskThread "GC Thread#0" [stack: 0x00007f2f0add5000,0x00007f2f0aed5000] [id=19315]
  0x00007f2f2402c000 GCTaskThread "GC Thread#1" [stack: 0x00007f2f0acd3000,0x00007f2f0add3000] [id=19316]
  0x00007f2f2402d800 GCTaskThread "GC Thread#2" [stack: 0x00007f2f0abd1000,0x00007f2f0acd1000] [id=19317]
  0x00007f2f2402f800 GCTaskThread "GC Thread#3" [stack: 0x00007f2f0aacf000,0x00007f2f0abcf000] [id=19318]
  0x00007f2f24031000 GCTaskThread "GC Thread#4" [stack: 0x00007f2f0a9cd000,0x00007f2f0aacd000] [id=19319]
  0x00007f2f24033000 GCTaskThread "GC Thread#5" [stack: 0x00007f2f0a8cb000,0x00007f2f0a9cb000] [id=19320]
  0x00007f2f24034800 GCTaskThread "GC Thread#6" [stack: 0x00007f2f0a7c9000,0x00007f2f0a8c9000] [id=19321]
  0x00007f2f24036000 GCTaskThread "GC Thread#7" [stack: 0x00007f2f0a6c7000,0x00007f2f0a7c7000] [id=19322]
  0x00007f2f24038000 GCTaskThread "GC Thread#8" [stack: 0x00007f2f0a5c5000,0x00007f2f0a6c5000] [id=19323]
  0x00007f2f24039800 GCTaskThread "GC Thread#9" [stack: 0x00007f2f0a4c3000,0x00007f2f0a5c3000] [id=19324]
  0x00007f2f24064000 ConcurrentGCThread "G1 Main Marker" [stack: 0x00007f2f08dff000,0x00007f2f08eff000] [id=19325]
  0x00007f2f24065800 ConcurrentGCThread "G1 Conc#0" [stack: 0x00007f2f08cfd000,0x00007f2f08dfd000] [id=19326]
  0x00007f2f24067000 ConcurrentGCThread "G1 Conc#1" [stack: 0x00007f2f08bfb000,0x00007f2f08cfb000] [id=19327]
  0x00007f2f24069000 ConcurrentGCThread "G1 Conc#2" [stack: 0x00007f2f08af9000,0x00007f2f08bf9000] [id=19328]
  0x00007f2f240d4000 ConcurrentGCThread "G1 Refine#0" [stack: 0x00007f2ee0080000,0x00007f2ee0180000] [id=19329]
  0x00007f2f240d5800 ConcurrentGCThread "G1 Refine#1" [stack: 0x00007f2ecdf00000,0x00007f2ece000000] [id=19330]
  0x00007f2f240d7000 ConcurrentGCThread "G1 Refine#2" [stack: 0x00007f2ecddfe000,0x00007f2ecdefe000] [id=19331]
  0x00007f2f240d9000 ConcurrentGCThread "G1 Refine#3" [stack: 0x00007f2ecdcfc000,0x00007f2ecddfc000] [id=19332]
  0x00007f2f240da800 ConcurrentGCThread "G1 Refine#4" [stack: 0x00007f2ecdbfa000,0x00007f2ecdcfa000] [id=19333]
  0x00007f2f240dc800 ConcurrentGCThread "G1 Refine#5" [stack: 0x00007f2ecdaf8000,0x00007f2ecdbf8000] [id=19334]
  0x00007f2f240de000 ConcurrentGCThread "G1 Refine#6" [stack: 0x00007f2ecd9f6000,0x00007f2ecdaf6000] [id=19335]
  0x00007f2f240e0000 ConcurrentGCThread "G1 Refine#7" [stack: 0x00007f2ecd8f4000,0x00007f2ecd9f4000] [id=19336]
  0x00007f2f240e1800 ConcurrentGCThread "G1 Refine#8" [stack: 0x00007f2ecd7f2000,0x00007f2ecd8f2000] [id=19337]
  0x00007f2f240e3800 ConcurrentGCThread "G1 Refine#9" [stack: 0x00007f2ecd6f0000,0x00007f2ecd7f0000] [id=19338]
  0x00007f2f240e5000 ConcurrentGCThread "G1 Young RemSet Sampling" [stack: 0x00007f2ecd5ee000,0x00007f2ecd6ee000] [id=19339]

Threads with active compile tasks:
C2 CompilerThread07113   !   4       org.springframework.util.ReflectionUtils::doWithMethods (176 bytes)
C2 CompilerThread17392       4       org.springframework.core.BridgeMethodResolver::findBridgedMethod (106 bytes)
C2 CompilerThread27189       4       org.springframework.core.annotation.AnnotationUtils::postProcessAnnotationAttributes (163 bytes)

VM state:not at safepoint (normal execution)

VM Mutex/Monitor currently owned by a thread: None

Heap address: 0x0000000083000000, size: 2000 MB, Compressed Oops mode: 32-bit
Narrow klass base: 0x0000000000000000, Narrow klass shift: 3
Compressed class space size: 1073741824 Address: 0x0000000100000000

Heap:
 garbage-first heap   total 224256K, used 71955K [0x0000000083000000, 0x0000000100000000)
  region size 1024K, 40 young (40960K), 16 survivors (16384K)
 Metaspace       used 75096K, capacity 76841K, committed 77440K, reserved 1116160K
  class space    used 9125K, capacity 9841K, committed 9856K, reserved 1048576K
Heap Regions: E=young(eden), S=young(survivor), O=old, HS=humongous(starts), HC=humongous(continues), CS=collection set, F=free, A=archive, TS=gc time stamp, AC=allocation context, TAMS=top-at-mark-start (previous, next)
|   0|0x0000000083000000, 0x0000000083100000, 0x0000000083100000|100%|HS|  |TS  0|AC  0|TAMS 0x0000000083100000, 0x0000000083100000|
|   1|0x0000000083100000, 0x0000000083200000, 0x0000000083200000|100%| O|  |TS  0|AC  0|TAMS 0x0000000083200000, 0x0000000083200000|
|   2|0x0000000083200000, 0x0000000083300000, 0x0000000083300000|100%| O|  |TS  0|AC  0|TAMS 0x0000000083300000, 0x0000000083300000|
|   3|0x0000000083300000, 0x0000000083400000, 0x0000000083400000|100%| O|  |TS  0|AC  0|TAMS 0x0000000083400000, 0x0000000083400000|
|   4|0x0000000083400000, 0x0000000083500000, 0x0000000083500000|100%| O|  |TS  0|AC  0|TAMS 0x0000000083500000, 0x0000000083500000|
|   5|0x0000000083500000, 0x0000000083600000, 0x0000000083600000|100%| O|  |TS  0|AC  0|TAMS 0x0000000083600000, 0x0000000083600000|
|   6|0x0000000083600000, 0x0000000083700000, 0x0000000083700000|100%| O|  |TS  0|AC  0|TAMS 0x0000000083700000, 0x0000000083700000|
|   7|0x0000000083700000, 0x0000000083800000, 0x0000000083800000|100%| O|  |TS  0|AC  0|TAMS 0x0000000083800000, 0x0000000083800000|
|   8|0x0000000083800000, 0x0000000083900000, 0x0000000083900000|100%| O|  |TS  0|AC  0|TAMS 0x0000000083900000, 0x0000000083900000|
|   9|0x0000000083900000, 0x0000000083a00000, 0x0000000083a00000|100%| O|  |TS  0|AC  0|TAMS 0x0000000083a00000, 0x0000000083a00000|
|  10|0x0000000083a00000, 0x0000000083b00000, 0x0000000083b00000|100%| O|  |TS  0|AC  0|TAMS 0x0000000083b00000, 0x0000000083b00000|
|  11|0x0000000083b00000, 0x0000000083c00000, 0x0000000083c00000|100%| O|  |TS  0|AC  0|TAMS 0x0000000083c00000, 0x0000000083c00000|
|  12|0x0000000083c00000, 0x0000000083d00000, 0x0000000083d00000|100%| O|  |TS  0|AC  0|TAMS 0x0000000083d00000, 0x0000000083d00000|
|  13|0x0000000083d00000, 0x0000000083e00000, 0x0000000083e00000|100%| O|  |TS  0|AC  0|TAMS 0x0000000083e00000, 0x0000000083e00000|
|  14|0x0000000083e00000, 0x0000000083f00000, 0x0000000083f00000|100%| O|  |TS  0|AC  0|TAMS 0x0000000083f00000, 0x0000000083f00000|
|  15|0x0000000083f00000, 0x0000000084000000, 0x0000000084000000|100%| O|  |TS  0|AC  0|TAMS 0x0000000084000000, 0x0000000084000000|
|  16|0x0000000084000000, 0x0000000084100000, 0x0000000084100000|100%| O|  |TS  0|AC  0|TAMS 0x0000000084100000, 0x0000000084100000|
|  17|0x0000000084100000, 0x0000000084200000, 0x0000000084200000|100%| O|  |TS  0|AC  0|TAMS 0x0000000084200000, 0x0000000084200000|
|  18|0x0000000084200000, 0x0000000084300000, 0x0000000084300000|100%| O|  |TS  0|AC  0|TAMS 0x0000000084300000, 0x0000000084300000|
|  19|0x0000000084300000, 0x0000000084400000, 0x0000000084400000|100%| O|  |TS  0|AC  0|TAMS 0x0000000084400000, 0x0000000084400000|
|  20|0x0000000084400000, 0x0000000084500000, 0x0000000084500000|100%| O|  |TS  0|AC  0|TAMS 0x0000000084500000, 0x0000000084500000|
|  21|0x0000000084500000, 0x0000000084600000, 0x0000000084600000|100%| O|  |TS  0|AC  0|TAMS 0x0000000084600000, 0x0000000084600000|
|  22|0x0000000084600000, 0x0000000084700000, 0x0000000084700000|100%| O|  |TS  0|AC  0|TAMS 0x0000000084700000, 0x0000000084700000|
|  23|0x0000000084700000, 0x0000000084800000, 0x0000000084800000|100%| O|  |TS  0|AC  0|TAMS 0x0000000084800000, 0x0000000084800000|
|  24|0x0000000084800000, 0x0000000084900000, 0x0000000084900000|100%| O|  |TS  1|AC  0|TAMS 0x0000000084810600, 0x0000000084810600|
|  25|0x0000000084900000, 0x0000000084a00000, 0x0000000084a00000|100%| O|  |TS  2|AC  0|TAMS 0x0000000084900000, 0x0000000084900000|
|  26|0x0000000084a00000, 0x0000000084b00000, 0x0000000084b00000|100%| O|  |TS  2|AC  0|TAMS 0x0000000084a00000, 0x0000000084a00000|
|  27|0x0000000084b00000, 0x0000000084c00000, 0x0000000084c00000|100%| O|  |TS  2|AC  0|TAMS 0x0000000084b00000, 0x0000000084b00000|
|  28|0x0000000084c00000, 0x0000000084d00000, 0x0000000084d00000|100%| O|  |TS  2|AC  0|TAMS 0x0000000084c00000, 0x0000000084c00000|
|  29|0x0000000084d00000, 0x0000000084e00000, 0x0000000084e00000|100%| O|  |TS  2|AC  0|TAMS 0x0000000084d00000, 0x0000000084d00000|
|  30|0x0000000084e00000, 0x0000000084f00000, 0x0000000084f00000|100%| O|  |TS  2|AC  0|TAMS 0x0000000084e00000, 0x0000000084e00000|
|  31|0x0000000084f00000, 0x0000000084f50c00, 0x0000000085000000| 31%| O|  |TS  2|AC  0|TAMS 0x0000000084f00000, 0x0000000084f00000|
|  32|0x0000000085000000, 0x0000000085000000, 0x0000000085100000|  0%| F|  |TS  0|AC  0|TAMS 0x0000000085000000, 0x0000000085000000|
|  33|0x0000000085100000, 0x0000000085100000, 0x0000000085200000|  0%| F|  |TS  0|AC  0|TAMS 0x0000000085100000, 0x0000000085100000|
|  34|0x0000000085200000, 0x0000000085200000, 0x0000000085300000|  0%| F|  |TS  0|AC  0|TAMS 0x0000000085200000, 0x0000000085200000|
|  35|0x0000000085300000, 0x0000000085300000, 0x0000000085400000|  0%| F|  |TS  0|AC  0|TAMS 0x0000000085300000, 0x0000000085300000|
|  36|0x0000000085400000, 0x0000000085400000, 0x0000000085500000|  0%| F|  |TS  0|AC  0|TAMS 0x0000000085400000, 0x0000000085400000|
|  37|0x0000000085500000, 0x0000000085500000, 0x0000000085600000|  0%| F|  |TS  0|AC  0|TAMS 0x0000000085500000, 0x0000000085500000|
|  38|0x0000000085600000, 0x0000000085600000, 0x0000000085700000|  0%| F|  |TS  0|AC  0|TAMS 0x0000000085600000, 0x0000000085600000|
|  39|0x0000000085700000, 0x0000000085700000, 0x0000000085800000|  0%| F|  |TS  0|AC  0|TAMS 0x0000000085700000, 0x0000000085700000|
|  40|0x0000000085800000, 0x0000000085800000, 0x0000000085900000|  0%| F|  |TS  0|AC  0|TAMS 0x0000000085800000, 0x0000000085800000|
|  41|0x0000000085900000, 0x0000000085900000, 0x0000000085a00000|  0%| F|  |TS  0|AC  0|TAMS 0x0000000085900000, 0x0000000085900000|
|  42|0x0000000085a00000, 0x0000000085a00000, 0x0000000085b00000|  0%| F|  |TS  0|AC  0|TAMS 0x0000000085a00000, 0x0000000085a00000|
|  43|0x0000000085b00000, 0x0000000085b00000, 0x0000000085c00000|  0%| F|  |TS  0|AC  0|TAMS 0x0000000085b00000, 0x0000000085b00000|
|  44|0x0000000085c00000, 0x0000000085c00000, 0x0000000085d00000|  0%| F|  |TS  0|AC  0|TAMS 0x0000000085c00000, 0x0000000085c00000|
|  45|0x0000000085d00000, 0x0000000085d00000, 0x0000000085e00000|  0%| F|  |TS  0|AC  0|TAMS 0x0000000085d00000, 0x0000000085d00000|
|  46|0x0000000085e00000, 0x0000000085e00000, 0x0000000085f00000|  0%| F|  |TS  0|AC  0|TAMS 0x0000000085e00000, 0x0000000085e00000|
|  47|0x0000000085f00000, 0x0000000085f00000, 0x0000000086000000|  0%| F|  |TS  0|AC  0|TAMS 0x0000000085f00000, 0x0000000085f00000|
|  48|0x0000000086000000, 0x0000000086000000, 0x0000000086100000|  0%| F|  |TS  0|AC  0|TAMS 0x0000000086000000, 0x0000000086000000|
|  49|0x0000000086100000, 0x0000000086100000, 0x0000000086200000|  0%| F|  |TS  0|AC  0|TAMS 0x0000000086100000, 0x0000000086100000|
|  50|0x0000000086200000, 0x0000000086200000, 0x0000000086300000|  0%| F|  |TS  0|AC  0|TAMS 0x0000000086200000, 0x0000000086200000|
|  51|0x0000000086300000, 0x0000000086300000, 0x0000000086400000|  0%| F|  |TS  0|AC  0|TAMS 0x0000000086300000, 0x0000000086300000|
|  52|0x0000000086400000, 0x0000000086400000, 0x0000000086500000|  0%| F|  |TS  0|AC  0|TAMS 0x0000000086400000, 0x0000000086400000|
|  53|0x0000000086500000, 0x0000000086500000, 0x0000000086600000|  0%| F|  |TS  0|AC  0|TAMS 0x0000000086500000, 0x0000000086500000|
|  54|0x0000000086600000, 0x0000000086600000, 0x0000000086700000|  0%| F|  |TS  0|AC  0|TAMS 0x0000000086600000, 0x0000000086600000|
|  55|0x0000000086700000, 0x0000000086700000, 0x0000000086800000|  0%| F|  |TS  0|AC  0|TAMS 0x0000000086700000, 0x0000000086700000|
|  56|0x0000000086800000, 0x0000000086800000, 0x0000000086900000|  0%| F|  |TS  0|AC  0|TAMS 0x0000000086800000, 0x0000000086800000|
|  57|0x0000000086900000, 0x0000000086900000, 0x0000000086a00000|  0%| F|  |TS  0|AC  0|TAMS 0x0000000086900000, 0x0000000086900000|
|  58|0x0000000086a00000, 0x0000000086a00000, 0x0000000086b00000|  0%| F|  |TS  0|AC  0|TAMS 0x0000000086a00000, 0x0000000086a00000|
|  59|0x0000000086b00000, 0x0000000086b00000, 0x0000000086c00000|  0%| F|  |TS  0|AC  0|TAMS 0x0000000086b00000, 0x0000000086b00000|
|  60|0x0000000086c00000, 0x0000000086c00000, 0x0000000086d00000|  0%| F|  |TS  0|AC  0|TAMS 0x0000000086c00000, 0x0000000086c00000|
|  61|0x0000000086d00000, 0x0000000086d00000, 0x0000000086e00000|  0%| F|  |TS  0|AC  0|TAMS 0x0000000086d00000, 0x0000000086d00000|
|  62|0x0000000086e00000, 0x0000000086e00000, 0x0000000086f00000|  0%| F|  |TS  0|AC  0|TAMS 0x0000000086e00000, 0x0000000086e00000|
|  63|0x0000000086f00000, 0x0000000086f00000, 0x0000000087000000|  0%| F|  |TS  0|AC  0|TAMS 0x0000000086f00000, 0x0000000086f00000|
|  64|0x0000000087000000, 0x0000000087000000, 0x0000000087100000|  0%| F|  |TS  0|AC  0|TAMS 0x0000000087000000, 0x0000000087000000|
|  65|0x0000000087100000, 0x0000000087100000, 0x0000000087200000|  0%| F|  |TS  0|AC  0|TAMS 0x0000000087100000, 0x0000000087100000|
|  66|0x0000000087200000, 0x0000000087200000, 0x0000000087300000|  0%| F|  |TS  0|AC  0|TAMS 0x0000000087200000, 0x0000000087200000|
|  67|0x0000000087300000, 0x0000000087300000, 0x0000000087400000|  0%| F|  |TS  0|AC  0|TAMS 0x0000000087300000, 0x0000000087300000|
|  68|0x0000000087400000, 0x0000000087400000, 0x0000000087500000|  0%| F|  |TS  0|AC  0|TAMS 0x0000000087400000, 0x0000000087400000|
|  69|0x0000000087500000, 0x0000000087500000, 0x0000000087600000|  0%| F|  |TS  0|AC  0|TAMS 0x0000000087500000, 0x0000000087500000|
|  70|0x0000000087600000, 0x0000000087600000, 0x0000000087700000|  0%| F|  |TS  0|AC  0|TAMS 0x0000000087600000, 0x0000000087600000|
|  71|0x0000000087700000, 0x0000000087700000, 0x0000000087800000|  0%| F|  |TS  0|AC  0|TAMS 0x0000000087700000, 0x0000000087700000|
|  72|0x0000000087800000, 0x0000000087800000, 0x0000000087900000|  0%| F|  |TS  0|AC  0|TAMS 0x0000000087800000, 0x0000000087800000|
|  73|0x0000000087900000, 0x0000000087900000, 0x0000000087a00000|  0%| F|  |TS  0|AC  0|TAMS 0x0000000087900000, 0x0000000087900000|
|  74|0x0000000087a00000, 0x0000000087a00000, 0x0000000087b00000|  0%| F|  |TS  0|AC  0|TAMS 0x0000000087a00000, 0x0000000087a00000|
|  75|0x0000000087b00000, 0x0000000087bf41c0, 0x0000000087c00000| 95%| S|CS|TS  2|AC  0|TAMS 0x0000000087b00000, 0x0000000087b00000|
|  76|0x0000000087c00000, 0x0000000087d00000, 0x0000000087d00000|100%| S|CS|TS  2|AC  0|TAMS 0x0000000087c00000, 0x0000000087c00000|
|  77|0x0000000087d00000, 0x0000000087e00000, 0x0000000087e00000|100%| S|CS|TS  2|AC  0|TAMS 0x0000000087d00000, 0x0000000087d00000|
|  78|0x0000000087e00000, 0x0000000087f00000, 0x0000000087f00000|100%| S|CS|TS  2|AC  0|TAMS 0x0000000087e00000, 0x0000000087e00000|
|  79|0x0000000087f00000, 0x0000000088000000, 0x0000000088000000|100%| S|CS|TS  2|AC  0|TAMS 0x0000000087f00000, 0x0000000087f00000|
|  80|0x0000000088000000, 0x0000000088100000, 0x0000000088100000|100%| S|CS|TS  2|AC  0|TAMS 0x0000000088000000, 0x0000000088000000|
|  81|0x0000000088100000, 0x0000000088200000, 0x0000000088200000|100%| S|CS|TS  2|AC  0|TAMS 0x0000000088100000, 0x0000000088100000|
|  82|0x0000000088200000, 0x0000000088300000, 0x0000000088300000|100%| S|CS|TS  2|AC  0|TAMS 0x0000000088200000, 0x0000000088200000|
|  83|0x0000000088300000, 0x0000000088400000, 0x0000000088400000|100%| S|CS|TS  2|AC  0|TAMS 0x0000000088300000, 0x0000000088300000|
|  84|0x0000000088400000, 0x0000000088400000, 0x0000000088500000|  0%| F|  |TS  2|AC  0|TAMS 0x0000000088400000, 0x0000000088400000|
|  85|0x0000000088500000, 0x0000000088500000, 0x0000000088600000|  0%| F|  |TS  2|AC  0|TAMS 0x0000000088500000, 0x0000000088500000|
|  86|0x0000000088600000, 0x0000000088600000, 0x0000000088700000|  0%| F|  |TS  2|AC  0|TAMS 0x0000000088600000, 0x0000000088600000|
|  87|0x0000000088700000, 0x0000000088700000, 0x0000000088800000|  0%| F|  |TS  2|AC  0|TAMS 0x0000000088700000, 0x0000000088700000|
|  88|0x0000000088800000, 0x0000000088800000, 0x0000000088900000|  0%| F|  |TS  2|AC  0|TAMS 0x0000000088800000, 0x0000000088800000|
|  89|0x0000000088900000, 0x0000000088900000, 0x0000000088a00000|  0%| F|  |TS  2|AC  0|TAMS 0x0000000088900000, 0x0000000088900000|
|  90|0x0000000088a00000, 0x0000000088a00000, 0x0000000088b00000|  0%| F|  |TS  2|AC  0|TAMS 0x0000000088a00000, 0x0000000088a00000|
|  91|0x0000000088b00000, 0x0000000088b00000, 0x0000000088c00000|  0%| F|  |TS  2|AC  0|TAMS 0x0000000088b00000, 0x0000000088b00000|
|  92|0x0000000088c00000, 0x0000000088c00000, 0x0000000088d00000|  0%| F|  |TS  2|AC  0|TAMS 0x0000000088c00000, 0x0000000088c00000|
|  93|0x0000000088d00000, 0x0000000088d00000, 0x0000000088e00000|  0%| F|  |TS  2|AC  0|TAMS 0x0000000088d00000, 0x0000000088d00000|
|  94|0x0000000088e00000, 0x0000000088e00000, 0x0000000088f00000|  0%| F|  |TS  2|AC  0|TAMS 0x0000000088e00000, 0x0000000088e00000|
|  95|0x0000000088f00000, 0x0000000088f00000, 0x0000000089000000|  0%| F|  |TS  2|AC  0|TAMS 0x0000000088f00000, 0x0000000088f00000|
|  96|0x0000000089000000, 0x0000000089000000, 0x0000000089100000|  0%| F|  |TS  2|AC  0|TAMS 0x0000000089000000, 0x0000000089000000|
|  97|0x0000000089100000, 0x0000000089100000, 0x0000000089200000|  0%| F|  |TS  2|AC  0|TAMS 0x0000000089100000, 0x0000000089100000|
|  98|0x0000000089200000, 0x0000000089300000, 0x0000000089300000|100%| S|CS|TS  2|AC  0|TAMS 0x0000000089200000, 0x0000000089200000|
|  99|0x0000000089300000, 0x0000000089400000, 0x0000000089400000|100%| S|CS|TS  2|AC  0|TAMS 0x0000000089300000, 0x0000000089300000|
| 100|0x0000000089400000, 0x0000000089500000, 0x0000000089500000|100%| S|CS|TS  2|AC  0|TAMS 0x0000000089400000, 0x0000000089400000|
| 101|0x0000000089500000, 0x0000000089600000, 0x0000000089600000|100%| S|CS|TS  2|AC  0|TAMS 0x0000000089500000, 0x0000000089500000|
| 102|0x0000000089600000, 0x0000000089700000, 0x0000000089700000|100%| S|CS|TS  2|AC  0|TAMS 0x0000000089600000, 0x0000000089600000|
| 103|0x0000000089700000, 0x0000000089800000, 0x0000000089800000|100%| S|CS|TS  2|AC  0|TAMS 0x0000000089700000, 0x0000000089700000|
| 104|0x0000000089800000, 0x0000000089900000, 0x0000000089900000|100%| S|CS|TS  2|AC  0|TAMS 0x0000000089800000, 0x0000000089800000|
| 105|0x0000000089900000, 0x0000000089900000, 0x0000000089a00000|  0%| F|  |TS  2|AC  0|TAMS 0x0000000089900000, 0x0000000089900000|
| 106|0x0000000089a00000, 0x0000000089a00000, 0x0000000089b00000|  0%| F|  |TS  2|AC  0|TAMS 0x0000000089a00000, 0x0000000089a00000|
| 107|0x0000000089b00000, 0x0000000089b00000, 0x0000000089c00000|  0%| F|  |TS  2|AC  0|TAMS 0x0000000089b00000, 0x0000000089b00000|
| 108|0x0000000089c00000, 0x0000000089c00000, 0x0000000089d00000|  0%| F|  |TS  2|AC  0|TAMS 0x0000000089c00000, 0x0000000089c00000|
| 109|0x0000000089d00000, 0x0000000089d00000, 0x0000000089e00000|  0%| F|  |TS  2|AC  0|TAMS 0x0000000089d00000, 0x0000000089d00000|
| 110|0x0000000089e00000, 0x0000000089e00000, 0x0000000089f00000|  0%| F|  |TS  2|AC  0|TAMS 0x0000000089e00000, 0x0000000089e00000|
| 111|0x0000000089f00000, 0x0000000089f00000, 0x000000008a000000|  0%| F|  |TS  2|AC  0|TAMS 0x0000000089f00000, 0x0000000089f00000|
| 112|0x000000008a000000, 0x000000008a000000, 0x000000008a100000|  0%| F|  |TS  2|AC  0|TAMS 0x000000008a000000, 0x000000008a000000|
| 113|0x000000008a100000, 0x000000008a100000, 0x000000008a200000|  0%| F|  |TS  2|AC  0|TAMS 0x000000008a100000, 0x000000008a100000|
| 114|0x000000008a200000, 0x000000008a200000, 0x000000008a300000|  0%| F|  |TS  2|AC  0|TAMS 0x000000008a200000, 0x000000008a200000|
| 115|0x000000008a300000, 0x000000008a300000, 0x000000008a400000|  0%| F|  |TS  2|AC  0|TAMS 0x000000008a300000, 0x000000008a300000|
| 116|0x000000008a400000, 0x000000008a400000, 0x000000008a500000|  0%| F|  |TS  2|AC  0|TAMS 0x000000008a400000, 0x000000008a400000|
| 117|0x000000008a500000, 0x000000008a500000, 0x000000008a600000|  0%| F|  |TS  2|AC  0|TAMS 0x000000008a500000, 0x000000008a500000|
| 118|0x000000008a600000, 0x000000008a600000, 0x000000008a700000|  0%| F|  |TS  2|AC  0|TAMS 0x000000008a600000, 0x000000008a600000|
| 119|0x000000008a700000, 0x000000008a700000, 0x000000008a800000|  0%| F|  |TS  2|AC  0|TAMS 0x000000008a700000, 0x000000008a700000|
| 120|0x000000008a800000, 0x000000008a800000, 0x000000008a900000|  0%| F|  |TS  2|AC  0|TAMS 0x000000008a800000, 0x000000008a800000|
| 121|0x000000008a900000, 0x000000008a900000, 0x000000008aa00000|  0%| F|  |TS  2|AC  0|TAMS 0x000000008a900000, 0x000000008a900000|
| 122|0x000000008aa00000, 0x000000008aa00000, 0x000000008ab00000|  0%| F|  |TS  2|AC  0|TAMS 0x000000008aa00000, 0x000000008aa00000|
| 123|0x000000008ab00000, 0x000000008ab00000, 0x000000008ac00000|  0%| F|  |TS  2|AC  0|TAMS 0x000000008ab00000, 0x000000008ab00000|
| 124|0x000000008ac00000, 0x000000008ac00000, 0x000000008ad00000|  0%| F|  |TS  2|AC  0|TAMS 0x000000008ac00000, 0x000000008ac00000|
| 125|0x000000008ad00000, 0x000000008ad00000, 0x000000008ae00000|  0%| F|  |TS  2|AC  0|TAMS 0x000000008ad00000, 0x000000008ad00000|
| 126|0x000000008ae00000, 0x000000008ae00000, 0x000000008af00000|  0%| F|  |TS  2|AC  0|TAMS 0x000000008ae00000, 0x000000008ae00000|
| 127|0x000000008af00000, 0x000000008af00000, 0x000000008b000000|  0%| F|  |TS  2|AC  0|TAMS 0x000000008af00000, 0x000000008af00000|
| 128|0x000000008b000000, 0x000000008b000000, 0x000000008b100000|  0%| F|  |TS  2|AC  0|TAMS 0x000000008b000000, 0x000000008b000000|
| 129|0x000000008b100000, 0x000000008b100000, 0x000000008b200000|  0%| F|  |TS  2|AC  0|TAMS 0x000000008b100000, 0x000000008b100000|
| 130|0x000000008b200000, 0x000000008b200000, 0x000000008b300000|  0%| F|  |TS  2|AC  0|TAMS 0x000000008b200000, 0x000000008b200000|
| 131|0x000000008b300000, 0x000000008b300000, 0x000000008b400000|  0%| F|  |TS  2|AC  0|TAMS 0x000000008b300000, 0x000000008b300000|
| 132|0x000000008b400000, 0x000000008b400000, 0x000000008b500000|  0%| F|  |TS  2|AC  0|TAMS 0x000000008b400000, 0x000000008b400000|
| 133|0x000000008b500000, 0x000000008b500000, 0x000000008b600000|  0%| F|  |TS  2|AC  0|TAMS 0x000000008b500000, 0x000000008b500000|
| 134|0x000000008b600000, 0x000000008b600000, 0x000000008b700000|  0%| F|  |TS  2|AC  0|TAMS 0x000000008b600000, 0x000000008b600000|
| 135|0x000000008b700000, 0x000000008b700000, 0x000000008b800000|  0%| F|  |TS  2|AC  0|TAMS 0x000000008b700000, 0x000000008b700000|
| 136|0x000000008b800000, 0x000000008b800000, 0x000000008b900000|  0%| F|  |TS  2|AC  0|TAMS 0x000000008b800000, 0x000000008b800000|
| 137|0x000000008b900000, 0x000000008b900000, 0x000000008ba00000|  0%| F|  |TS  2|AC  0|TAMS 0x000000008b900000, 0x000000008b900000|
| 138|0x000000008ba00000, 0x000000008ba00000, 0x000000008bb00000|  0%| F|  |TS  2|AC  0|TAMS 0x000000008ba00000, 0x000000008ba00000|
| 139|0x000000008bb00000, 0x000000008bb00000, 0x000000008bc00000|  0%| F|  |TS  2|AC  0|TAMS 0x000000008bb00000, 0x000000008bb00000|
| 140|0x000000008bc00000, 0x000000008bc00000, 0x000000008bd00000|  0%| F|  |TS  2|AC  0|TAMS 0x000000008bc00000, 0x000000008bc00000|
| 141|0x000000008bd00000, 0x000000008bd00000, 0x000000008be00000|  0%| F|  |TS  2|AC  0|TAMS 0x000000008bd00000, 0x000000008bd00000|
| 142|0x000000008be00000, 0x000000008be00000, 0x000000008bf00000|  0%| F|  |TS  2|AC  0|TAMS 0x000000008be00000, 0x000000008be00000|
| 143|0x000000008bf00000, 0x000000008bf00000, 0x000000008c000000|  0%| F|  |TS  2|AC  0|TAMS 0x000000008bf00000, 0x000000008bf00000|
| 144|0x000000008c000000, 0x000000008c000000, 0x000000008c100000|  0%| F|  |TS  2|AC  0|TAMS 0x000000008c000000, 0x000000008c000000|
| 145|0x000000008c100000, 0x000000008c100000, 0x000000008c200000|  0%| F|  |TS  2|AC  0|TAMS 0x000000008c100000, 0x000000008c100000|
| 146|0x000000008c200000, 0x000000008c200000, 0x000000008c300000|  0%| F|  |TS  2|AC  0|TAMS 0x000000008c200000, 0x000000008c200000|
| 147|0x000000008c300000, 0x000000008c300000, 0x000000008c400000|  0%| F|  |TS  2|AC  0|TAMS 0x000000008c300000, 0x000000008c300000|
| 148|0x000000008c400000, 0x000000008c400000, 0x000000008c500000|  0%| F|  |TS  2|AC  0|TAMS 0x000000008c400000, 0x000000008c400000|
| 149|0x000000008c500000, 0x000000008c500000, 0x000000008c600000|  0%| F|  |TS  2|AC  0|TAMS 0x000000008c500000, 0x000000008c500000|
| 150|0x000000008c600000, 0x000000008c600000, 0x000000008c700000|  0%| F|  |TS  2|AC  0|TAMS 0x000000008c600000, 0x000000008c600000|
| 151|0x000000008c700000, 0x000000008c700000, 0x000000008c800000|  0%| F|  |TS  2|AC  0|TAMS 0x000000008c700000, 0x000000008c700000|
| 152|0x000000008c800000, 0x000000008c800000, 0x000000008c900000|  0%| F|  |TS  2|AC  0|TAMS 0x000000008c800000, 0x000000008c800000|
| 153|0x000000008c900000, 0x000000008c900000, 0x000000008ca00000|  0%| F|  |TS  2|AC  0|TAMS 0x000000008c900000, 0x000000008c900000|
| 154|0x000000008ca00000, 0x000000008ca00000, 0x000000008cb00000|  0%| F|  |TS  2|AC  0|TAMS 0x000000008ca00000, 0x000000008ca00000|
| 155|0x000000008cb00000, 0x000000008cb00000, 0x000000008cc00000|  0%| F|  |TS  2|AC  0|TAMS 0x000000008cb00000, 0x000000008cb00000|
| 156|0x000000008cc00000, 0x000000008cc00000, 0x000000008cd00000|  0%| F|  |TS  2|AC  0|TAMS 0x000000008cc00000, 0x000000008cc00000|
| 157|0x000000008cd00000, 0x000000008cd00000, 0x000000008ce00000|  0%| F|  |TS  2|AC  0|TAMS 0x000000008cd00000, 0x000000008cd00000|
| 158|0x000000008ce00000, 0x000000008ce00000, 0x000000008cf00000|  0%| F|  |TS  2|AC  0|TAMS 0x000000008ce00000, 0x000000008ce00000|
| 159|0x000000008cf00000, 0x000000008cf00000, 0x000000008d000000|  0%| F|  |TS  2|AC  0|TAMS 0x000000008cf00000, 0x000000008cf00000|
| 160|0x000000008d000000, 0x000000008d000000, 0x000000008d100000|  0%| F|  |TS  2|AC  0|TAMS 0x000000008d000000, 0x000000008d000000|
| 161|0x000000008d100000, 0x000000008d100000, 0x000000008d200000|  0%| F|  |TS  2|AC  0|TAMS 0x000000008d100000, 0x000000008d100000|
| 162|0x000000008d200000, 0x000000008d200000, 0x000000008d300000|  0%| F|  |TS  2|AC  0|TAMS 0x000000008d200000, 0x000000008d200000|
| 163|0x000000008d300000, 0x000000008d300000, 0x000000008d400000|  0%| F|  |TS  2|AC  0|TAMS 0x000000008d300000, 0x000000008d300000|
| 164|0x000000008d400000, 0x000000008d400000, 0x000000008d500000|  0%| F|  |TS  2|AC  0|TAMS 0x000000008d400000, 0x000000008d400000|
| 165|0x000000008d500000, 0x000000008d500000, 0x000000008d600000|  0%| F|  |TS  2|AC  0|TAMS 0x000000008d500000, 0x000000008d500000|
| 166|0x000000008d600000, 0x000000008d600000, 0x000000008d700000|  0%| F|  |TS  2|AC  0|TAMS 0x000000008d600000, 0x000000008d600000|
| 167|0x000000008d700000, 0x000000008d700000, 0x000000008d800000|  0%| F|  |TS  2|AC  0|TAMS 0x000000008d700000, 0x000000008d700000|
| 168|0x000000008d800000, 0x000000008d800000, 0x000000008d900000|  0%| F|  |TS  2|AC  0|TAMS 0x000000008d800000, 0x000000008d800000|
| 169|0x000000008d900000, 0x000000008d900000, 0x000000008da00000|  0%| F|  |TS  2|AC  0|TAMS 0x000000008d900000, 0x000000008d900000|
| 170|0x000000008da00000, 0x000000008da00000, 0x000000008db00000|  0%| F|  |TS  2|AC  0|TAMS 0x000000008da00000, 0x000000008da00000|
| 171|0x000000008db00000, 0x000000008db00000, 0x000000008dc00000|  0%| F|  |TS  2|AC  0|TAMS 0x000000008db00000, 0x000000008db00000|
| 172|0x000000008dc00000, 0x000000008dc00000, 0x000000008dd00000|  0%| F|  |TS  2|AC  0|TAMS 0x000000008dc00000, 0x000000008dc00000|
| 173|0x000000008dd00000, 0x000000008dd00000, 0x000000008de00000|  0%| F|  |TS  2|AC  0|TAMS 0x000000008dd00000, 0x000000008dd00000|
| 174|0x000000008de00000, 0x000000008de00000, 0x000000008df00000|  0%| F|  |TS  2|AC  0|TAMS 0x000000008de00000, 0x000000008de00000|
| 175|0x000000008df00000, 0x000000008df00000, 0x000000008e000000|  0%| F|  |TS  2|AC  0|TAMS 0x000000008df00000, 0x000000008df00000|
| 176|0x000000008e000000, 0x000000008e000000, 0x000000008e100000|  0%| F|  |TS  2|AC  0|TAMS 0x000000008e000000, 0x000000008e000000|
| 177|0x000000008e100000, 0x000000008e100000, 0x000000008e200000|  0%| F|  |TS  2|AC  0|TAMS 0x000000008e100000, 0x000000008e100000|
| 178|0x000000008e200000, 0x000000008e200000, 0x000000008e300000|  0%| F|  |TS  2|AC  0|TAMS 0x000000008e200000, 0x000000008e200000|
| 179|0x000000008e300000, 0x000000008e300000, 0x000000008e400000|  0%| F|  |TS  2|AC  0|TAMS 0x000000008e300000, 0x000000008e300000|
| 180|0x000000008e400000, 0x000000008e400000, 0x000000008e500000|  0%| F|  |TS  2|AC  0|TAMS 0x000000008e400000, 0x000000008e400000|
| 181|0x000000008e500000, 0x000000008e500000, 0x000000008e600000|  0%| F|  |TS  2|AC  0|TAMS 0x000000008e500000, 0x000000008e500000|
| 182|0x000000008e600000, 0x000000008e600000, 0x000000008e700000|  0%| F|  |TS  2|AC  0|TAMS 0x000000008e600000, 0x000000008e600000|
| 183|0x000000008e700000, 0x000000008e700000, 0x000000008e800000|  0%| F|  |TS  2|AC  0|TAMS 0x000000008e700000, 0x000000008e700000|
| 184|0x000000008e800000, 0x000000008e800000, 0x000000008e900000|  0%| F|  |TS  2|AC  0|TAMS 0x000000008e800000, 0x000000008e800000|
| 185|0x000000008e900000, 0x000000008e900000, 0x000000008ea00000|  0%| F|  |TS  2|AC  0|TAMS 0x000000008e900000, 0x000000008e900000|
| 186|0x000000008ea00000, 0x000000008ea00000, 0x000000008eb00000|  0%| F|  |TS  2|AC  0|TAMS 0x000000008ea00000, 0x000000008ea00000|
| 187|0x000000008eb00000, 0x000000008eb00000, 0x000000008ec00000|  0%| F|  |TS  2|AC  0|TAMS 0x000000008eb00000, 0x000000008eb00000|
| 188|0x000000008ec00000, 0x000000008ec00000, 0x000000008ed00000|  0%| F|  |TS  2|AC  0|TAMS 0x000000008ec00000, 0x000000008ec00000|
| 189|0x000000008ed00000, 0x000000008ed00000, 0x000000008ee00000|  0%| F|  |TS  2|AC  0|TAMS 0x000000008ed00000, 0x000000008ed00000|
| 190|0x000000008ee00000, 0x000000008ee00000, 0x000000008ef00000|  0%| F|  |TS  2|AC  0|TAMS 0x000000008ee00000, 0x000000008ee00000|
| 191|0x000000008ef00000, 0x000000008ef00000, 0x000000008f000000|  0%| F|  |TS  2|AC  0|TAMS 0x000000008ef00000, 0x000000008ef00000|
| 192|0x000000008f000000, 0x000000008f000000, 0x000000008f100000|  0%| F|  |TS  2|AC  0|TAMS 0x000000008f000000, 0x000000008f000000|
| 193|0x000000008f100000, 0x000000008f200000, 0x000000008f200000|100%| E|  |TS  2|AC  0|TAMS 0x000000008f100000, 0x000000008f100000|
| 194|0x000000008f200000, 0x000000008f300000, 0x000000008f300000|100%| E|CS|TS  2|AC  0|TAMS 0x000000008f200000, 0x000000008f200000|
| 195|0x000000008f300000, 0x000000008f400000, 0x000000008f400000|100%| E|CS|TS  2|AC  0|TAMS 0x000000008f300000, 0x000000008f300000|
| 196|0x000000008f400000, 0x000000008f500000, 0x000000008f500000|100%| E|CS|TS  2|AC  0|TAMS 0x000000008f400000, 0x000000008f400000|
| 197|0x000000008f500000, 0x000000008f600000, 0x000000008f600000|100%| E|CS|TS  2|AC  0|TAMS 0x000000008f500000, 0x000000008f500000|
| 198|0x000000008f600000, 0x000000008f700000, 0x000000008f700000|100%| E|CS|TS  2|AC  0|TAMS 0x000000008f600000, 0x000000008f600000|
| 199|0x000000008f700000, 0x000000008f800000, 0x000000008f800000|100%| E|CS|TS  2|AC  0|TAMS 0x000000008f700000, 0x000000008f700000|
| 200|0x000000008f800000, 0x000000008f900000, 0x000000008f900000|100%| E|CS|TS  2|AC  0|TAMS 0x000000008f800000, 0x000000008f800000|
| 201|0x000000008f900000, 0x000000008fa00000, 0x000000008fa00000|100%| E|CS|TS  2|AC  0|TAMS 0x000000008f900000, 0x000000008f900000|
| 202|0x000000008fa00000, 0x000000008fb00000, 0x000000008fb00000|100%| E|CS|TS  2|AC  0|TAMS 0x000000008fa00000, 0x000000008fa00000|
| 203|0x000000008fb00000, 0x000000008fc00000, 0x000000008fc00000|100%| E|CS|TS  2|AC  0|TAMS 0x000000008fb00000, 0x000000008fb00000|
| 204|0x000000008fc00000, 0x000000008fd00000, 0x000000008fd00000|100%| E|CS|TS  2|AC  0|TAMS 0x000000008fc00000, 0x000000008fc00000|
| 205|0x000000008fd00000, 0x000000008fe00000, 0x000000008fe00000|100%| E|CS|TS  2|AC  0|TAMS 0x000000008fd00000, 0x000000008fd00000|
| 206|0x000000008fe00000, 0x000000008ff00000, 0x000000008ff00000|100%| E|CS|TS  2|AC  0|TAMS 0x000000008fe00000, 0x000000008fe00000|
| 207|0x000000008ff00000, 0x0000000090000000, 0x0000000090000000|100%| E|CS|TS  2|AC  0|TAMS 0x000000008ff00000, 0x000000008ff00000|
| 208|0x0000000090000000, 0x0000000090100000, 0x0000000090100000|100%| E|CS|TS  2|AC  0|TAMS 0x0000000090000000, 0x0000000090000000|
| 209|0x0000000090100000, 0x0000000090200000, 0x0000000090200000|100%| E|CS|TS  2|AC  0|TAMS 0x0000000090100000, 0x0000000090100000|
| 210|0x0000000090200000, 0x0000000090300000, 0x0000000090300000|100%| E|CS|TS  2|AC  0|TAMS 0x0000000090200000, 0x0000000090200000|
| 211|0x0000000090300000, 0x0000000090400000, 0x0000000090400000|100%| E|CS|TS  2|AC  0|TAMS 0x0000000090300000, 0x0000000090300000|
| 212|0x0000000090400000, 0x0000000090500000, 0x0000000090500000|100%| E|CS|TS  2|AC  0|TAMS 0x0000000090400000, 0x0000000090400000|
| 213|0x0000000090500000, 0x0000000090600000, 0x0000000090600000|100%| E|CS|TS  2|AC  0|TAMS 0x0000000090500000, 0x0000000090500000|
| 214|0x0000000090600000, 0x0000000090700000, 0x0000000090700000|100%| E|CS|TS  2|AC  0|TAMS 0x0000000090600000, 0x0000000090600000|
| 215|0x0000000090700000, 0x0000000090800000, 0x0000000090800000|100%| E|CS|TS  2|AC  0|TAMS 0x0000000090700000, 0x0000000090700000|
| 216|0x0000000090800000, 0x0000000090900000, 0x0000000090900000|100%| E|CS|TS  2|AC  0|TAMS 0x0000000090800000, 0x0000000090800000|
| 217|0x0000000090900000, 0x0000000090a00000, 0x0000000090a00000|100%| E|CS|TS  2|AC  0|TAMS 0x0000000090900000, 0x0000000090900000|
| 218|0x0000000090a00000, 0x0000000090b00000, 0x0000000090b00000|100%| E|CS|TS  2|AC  0|TAMS 0x0000000090a00000, 0x0000000090a00000|

Card table byte_map: [0x00007f2f092e7000,0x00007f2f096cf000] byte_map_base: 0x00007f2f08ecf000

Marking Bits (Prev, Next): (CMBitMap*) 0x00007f2f24062fd8, (CMBitMap*) 0x00007f2f24062fa0
 Prev Bits: [0x00007f2ee0180000, 0x00007f2ee20c0000)
 Next Bits: [0x00007f2ee20c0000, 0x00007f2ee4000000)

Polling page: 0x00007f2f2b2b5000

CodeHeap 'non-profiled nmethods': size=120032Kb used=4906Kb max_used=4906Kb free=115126Kb
 bounds [0x00007f2f1299d000, 0x00007f2f12e6d000, 0x00007f2f19ed5000]
CodeHeap 'profiled nmethods': size=120028Kb used=18351Kb max_used=18351Kb free=101676Kb
 bounds [0x00007f2f0b466000, 0x00007f2f0c656000, 0x00007f2f1299d000]
CodeHeap 'non-nmethods': size=5700Kb used=1208Kb max_used=1264Kb free=4491Kb
 bounds [0x00007f2f0aed5000, 0x00007f2f0b145000, 0x00007f2f0b466000]
 total_blobs=9754 nmethods=7203 adapters=500
 compilation: enabled

Compilation events (10 events):
Event: 6,002 Thread 0x00007f2f2416c800 7408       2       java.util.Arrays$ArrayList::toArray (47 bytes)
Event: 6,003 Thread 0x00007f2f2416c800 nmethod 7408 0x00007f2f0c64f290 code [0x00007f2f0c64f460, 0x00007f2f0c64f7b8]
Event: 6,004 Thread 0x00007f2f2416c800 7410   !   2       org.springframework.beans.factory.support.ConstructorResolver::instantiate (73 bytes)
Event: 6,005 Thread 0x00007f2f2416c800 nmethod 7410 0x00007f2f0c64f910 code [0x00007f2f0c64fb40, 0x00007f2f0c64ffc8]
Event: 6,008 Thread 0x00007f2f2416c800 7412       2       org.springframework.context.annotation.ConfigurationClassEnhancer$BeanFactoryAwareMethodInterceptor::intercept (63 bytes)
Event: 6,010 Thread 0x00007f2f2416c800 nmethod 7412 0x00007f2f0c650390 code [0x00007f2f0c650600, 0x00007f2f0c650ba8]
Event: 6,011 Thread 0x00007f2f2416c800 7413       1       java.util.HashMap$KeySet::size (8 bytes)
Event: 6,012 Thread 0x00007f2f2416c800 nmethod 7413 0x00007f2f12e67590 code [0x00007f2f12e67740, 0x00007f2f12e67850]
Event: 6,012 Thread 0x00007f2f2416c800 7414       2       org.springframework.boot.context.properties.bind.BindConverter::convert (30 bytes)
Event: 6,012 Thread 0x00007f2f2416c800 nmethod 7414 0x00007f2f0c651010 code [0x00007f2f0c651200, 0x00007f2f0c6514c8]

GC Heap History (10 events):
Event: 2,804 GC heap before
{Heap before GC invocations=9 (full 0):
 garbage-first heap   total 167936K, used 110081K [0x0000000083000000, 0x0000000100000000)
  region size 1024K, 95 young (97280K), 12 survivors (12288K)
 Metaspace       used 43336K, capacity 44466K, committed 44928K, reserved 1089536K
  class space    used 4933K, capacity 5383K, committed 5504K, reserved 1048576K
}
Event: 2,816 GC heap after
{Heap after GC invocations=10 (full 0):
 garbage-first heap   total 167936K, used 27903K [0x0000000083000000, 0x0000000100000000)
  region size 1024K, 4 young (4096K), 4 survivors (4096K)
 Metaspace       used 43336K, capacity 44466K, committed 44928K, reserved 1089536K
  class space    used 4933K, capacity 5383K, committed 5504K, reserved 1048576K
}
Event: 3,559 GC heap before
{Heap before GC invocations=10 (full 0):
 garbage-first heap   total 167936K, used 113919K [0x0000000083000000, 0x0000000100000000)
  region size 1024K, 88 young (90112K), 4 survivors (4096K)
 Metaspace       used 52453K, capacity 53753K, committed 54144K, reserved 1097728K
  class space    used 5915K, capacity 6455K, committed 6528K, reserved 1048576K
}
Event: 3,569 GC heap after
{Heap after GC invocations=11 (full 0):
 garbage-first heap   total 224256K, used 32506K [0x0000000083000000, 0x0000000100000000)
  region size 1024K, 8 young (8192K), 8 survivors (8192K)
 Metaspace       used 52453K, capacity 53753K, committed 54144K, reserved 1097728K
  class space    used 5915K, capacity 6455K, committed 6528K, reserved 1048576K
}
Event: 4,043 GC heap before
{Heap before GC invocations=11 (full 0):
 garbage-first heap   total 224256K, used 70394K [0x0000000083000000, 0x0000000100000000)
  region size 1024K, 46 young (47104K), 8 survivors (8192K)
 Metaspace       used 58360K, capacity 59635K, committed 60160K, reserved 1101824K
  class space    used 6837K, capacity 7366K, committed 7424K, reserved 1048576K
}
Event: 4,052 GC heap after
{Heap after GC invocations=12 (full 0):
 garbage-first heap   total 224256K, used 34767K [0x0000000083000000, 0x0000000100000000)
  region size 1024K, 10 young (10240K), 10 survivors (10240K)
 Metaspace       used 58360K, capacity 59635K, committed 60160K, reserved 1101824K
  class space    used 6837K, capacity 7366K, committed 7424K, reserved 1048576K
}
Event: 5,124 GC heap before
{Heap before GC invocations=13 (full 0):
 garbage-first heap   total 224256K, used 148431K [0x0000000083000000, 0x0000000100000000)
  region size 1024K, 121 young (123904K), 10 survivors (10240K)
 Metaspace       used 70349K, capacity 71881K, committed 72448K, reserved 1112064K
  class space    used 8504K, capacity 9125K, committed 9216K, reserved 1048576K
}
Event: 5,137 GC heap after
{Heap after GC invocations=14 (full 0):
 garbage-first heap   total 224256K, used 40878K [0x0000000083000000, 0x0000000100000000)
  region size 1024K, 14 young (14336K), 14 survivors (14336K)
 Metaspace       used 70349K, capacity 71881K, committed 72448K, reserved 1112064K
  class space    used 8504K, capacity 9125K, committed 9216K, reserved 1048576K
}
Event: 5,902 GC heap before
{Heap before GC invocations=14 (full 0):
 garbage-first heap   total 224256K, used 157614K [0x0000000083000000, 0x0000000100000000)
  region size 1024K, 128 young (131072K), 14 survivors (14336K)
 Metaspace       used 74782K, capacity 76537K, committed 77184K, reserved 1116160K
  class space    used 9086K, capacity 9804K, committed 9856K, reserved 1048576K
}
Event: 5,920 GC heap after
{Heap after GC invocations=15 (full 0):
 garbage-first heap   total 224256K, used 48403K [0x0000000083000000, 0x0000000100000000)
  region size 1024K, 16 young (16384K), 16 survivors (16384K)
 Metaspace       used 74782K, capacity 76537K, committed 77184K, reserved 1116160K
  class space    used 9086K, capacity 9804K, committed 9856K, reserved 1048576K
}

Deoptimization events (10 events):
Event: 5,138 Thread 0x00007f2e68002800 Uncommon trap: reason=class_check action=maybe_recompile pc=0x00007f2f12dde9f0 method=org.springframework.util.ConcurrentReferenceHashMap$Segment.restructureIfNecessary(Z)V @ 230 c2
Event: 5,138 Thread 0x00007f2e68002800 Uncommon trap: reason=class_check action=maybe_recompile pc=0x00007f2f12dde9f0 method=org.springframework.util.ConcurrentReferenceHashMap$Segment.restructureIfNecessary(Z)V @ 230 c2
Event: 5,138 Thread 0x00007f2e68002800 Uncommon trap: reason=class_check action=maybe_recompile pc=0x00007f2f12dde9f0 method=org.springframework.util.ConcurrentReferenceHashMap$Segment.restructureIfNecessary(Z)V @ 230 c2
Event: 5,139 Thread 0x00007f2e68002800 Uncommon trap: reason=class_check action=maybe_recompile pc=0x00007f2f12dde9f0 method=org.springframework.util.ConcurrentReferenceHashMap$Segment.restructureIfNecessary(Z)V @ 230 c2
Event: 5,544 Thread 0x00007f2e68002800 Uncommon trap: reason=predicate action=maybe_recompile pc=0x00007f2f12dfc660 method=org.springframework.util.ReflectionUtils.doWithMethods(Ljava/lang/Class;Lorg/springframework/util/ReflectionUtils$MethodCallback;Lorg/springframework/util/ReflectionUtils$
Event: 5,637 Thread 0x00007f2e68002800 Uncommon trap: reason=unstable_if action=reinterpret pc=0x00007f2f12dd65a0 method=org.springframework.beans.factory.support.AbstractBeanFactory.isTypeMatch(Ljava/lang/String;Lorg/springframework/core/ResolvableType;)Z @ 26 c2
Event: 5,697 Thread 0x00007f2e68002800 Uncommon trap: reason=speculate_null_assert action=make_not_entrant pc=0x00007f2f12e16758 method=org.springframework.beans.factory.support.DefaultSingletonBeanRegistry.getSingleton(Ljava/lang/String;Z)Ljava/lang/Object; @ 67 c2
Event: 5,731 Thread 0x00007f2e68002800 Uncommon trap: reason=unstable_if action=reinterpret pc=0x00007f2f12e29860 method=org.springframework.transaction.interceptor.TransactionAttributeSourcePointcut.matches(Ljava/lang/reflect/Method;Ljava/lang/Class;)Z @ 15 c2
Event: 5,933 Thread 0x00007f2e68002800 Uncommon trap: reason=unstable_if action=reinterpret pc=0x00007f2f12a72304 method=java.lang.String.concat(Ljava/lang/String;)Ljava/lang/String; @ 6 c2
Event: 5,990 Thread 0x00007f2e68002800 Uncommon trap: reason=unstable_if action=reinterpret pc=0x00007f2f12acb0d8 method=java.util.WeakHashMap.remove(Ljava/lang/Object;)Ljava/lang/Object; @ 94 c2

Classes redefined (0 events):
No events

Internal exceptions (10 events):
Event: 6,008 Thread 0x00007f2e68002800 Exception <a 'java/lang/ClassNotFoundException'{0x000000008f9d9280}: java/lang/ObjectCustomizer> (0x000000008f9d9280) thrown at [/build/openjdk-lts-Ae5PRQ/openjdk-lts-10.0.2+13/src/hotspot/share/classfile/systemDictionary.cpp, line 233]
Event: 6,009 Thread 0x00007f2e68002800 Exception <a 'java/lang/ClassNotFoundException'{0x000000008f9ea060}: org/springframework/boot/autoconfigure/task/TaskSchedulingAutoConfigurationCustomizer> (0x000000008f9ea060) thrown at [/build/openjdk-lts-Ae5PRQ/openjdk-lts-10.0.2+13/src/hotspot/share/c
Event: 6,009 Thread 0x00007f2e68002800 Exception <a 'java/lang/ClassNotFoundException'{0x000000008f8010e8}: org/springframework/boot/autoconfigure/task/TaskSchedulingAutoConfiguration$$EnhancerBySpringCGLIB$$48cffff7Customizer> (0x000000008f8010e8) thrown at [/build/openjdk-lts-Ae5PRQ/openjdk-
Event: 6,009 Thread 0x00007f2e68002800 Exception <a 'java/lang/ClassNotFoundException'{0x000000008f816b10}: org/springframework/context/annotation/ConfigurationClassEnhancer$EnhancedConfigurationCustomizer> (0x000000008f816b10) thrown at [/build/openjdk-lts-Ae5PRQ/openjdk-lts-10.0.2+13/src/hot
Event: 6,009 Thread 0x00007f2e68002800 Exception <a 'java/lang/ClassNotFoundException'{0x000000008f822238}: org/springframework/beans/factory/BeanFactoryAwareCustomizer> (0x000000008f822238) thrown at [/build/openjdk-lts-Ae5PRQ/openjdk-lts-10.0.2+13/src/hotspot/share/classfile/systemDictionary
Event: 6,009 Thread 0x00007f2e68002800 Exception <a 'java/lang/ClassNotFoundException'{0x000000008f82d558}: org/springframework/beans/factory/AwareCustomizer> (0x000000008f82d558) thrown at [/build/openjdk-lts-Ae5PRQ/openjdk-lts-10.0.2+13/src/hotspot/share/classfile/systemDictionary.cpp, line 
Event: 6,011 Thread 0x00007f2e68002800 Exception <a 'java/lang/ClassNotFoundException'{0x000000008f83aec0}: java/lang/ObjectCustomizer> (0x000000008f83aec0) thrown at [/build/openjdk-lts-Ae5PRQ/openjdk-lts-10.0.2+13/src/hotspot/share/classfile/systemDictionary.cpp, line 233]
Event: 6,011 Thread 0x00007f2e68002800 Exception <a 'java/lang/ClassNotFoundException'{0x000000008f84b0f8}: org/springframework/boot/autoconfigure/task/TaskSchedulingPropertiesCustomizer> (0x000000008f84b0f8) thrown at [/build/openjdk-lts-Ae5PRQ/openjdk-lts-10.0.2+13/src/hotspot/share/classfil
Event: 6,014 Thread 0x00007f2e68002800 Exception <a 'java/lang/ClassNotFoundException'{0x000000008f8b0c00}: java/lang/ObjectCustomizer> (0x000000008f8b0c00) thrown at [/build/openjdk-lts-Ae5PRQ/openjdk-lts-10.0.2+13/src/hotspot/share/classfile/systemDictionary.cpp, line 233]
Event: 6,015 Thread 0x00007f2e68002800 Exception <a 'java/lang/ClassNotFoundException'{0x000000008f8bf438}: org/springframework/boot/task/TaskSchedulerBuilderCustomizer> (0x000000008f8bf438) thrown at [/build/openjdk-lts-Ae5PRQ/openjdk-lts-10.0.2+13/src/hotspot/share/classfile/systemDictionary

Events (10 events):
Event: 6,014 loading class java/lang/ObjectCustomizer
Event: 6,014 loading class java/lang/ObjectCustomizer done
Event: 6,014 loading class java/lang/ObjectCustomizer
Event: 6,014 loading class java/lang/ObjectCustomizer done
Event: 6,014 loading class org/springframework/boot/task/TaskSchedulerBuilderCustomizer
Event: 6,014 loading class org/springframework/boot/task/TaskSchedulerBuilderCustomizer done
Event: 6,015 loading class org/springframework/boot/task/TaskSchedulerBuilderCustomizer
Event: 6,015 loading class org/springframework/boot/task/TaskSchedulerBuilderCustomizer done
Event: 6,015 loading class org/springframework/boot/task/TaskSchedulerBuilderCustomizer
Event: 6,015 loading class org/springframework/boot/task/TaskSchedulerBuilderCustomizer done


Dynamic libraries:
83000000-90b00000 rw-p 00000000 00:00 0 
90b00000-100000000 ---p 00000000 00:00 0 
100000000-1009a0000 rw-p 00000000 00:00 0 
1009a0000-140000000 ---p 00000000 00:00 0 
562fffd2a000-562fffd2b000 r-xp 00000000 08:06 4326720                    /usr/lib/jvm/java-11-openjdk-amd64/bin/java
562ffff2b000-562ffff2c000 r--p 00001000 08:06 4326720                    /usr/lib/jvm/java-11-openjdk-amd64/bin/java
562ffff2c000-562ffff2d000 rw-p 00002000 08:06 4326720                    /usr/lib/jvm/java-11-openjdk-amd64/bin/java
56300170c000-56300172d000 rw-p 00000000 00:00 0                          [heap]
7f2e38000000-7f2e38021000 rw-p 00000000 00:00 0 
7f2e38021000-7f2e3c000000 ---p 00000000 00:00 0 
7f2e3c000000-7f2e3c021000 rw-p 00000000 00:00 0 
7f2e3c021000-7f2e40000000 ---p 00000000 00:00 0 
7f2e40000000-7f2e40021000 rw-p 00000000 00:00 0 
7f2e40021000-7f2e44000000 ---p 00000000 00:00 0 
7f2e44000000-7f2e44021000 rw-p 00000000 00:00 0 
7f2e44021000-7f2e48000000 ---p 00000000 00:00 0 
7f2e48000000-7f2e48021000 rw-p 00000000 00:00 0 
7f2e48021000-7f2e4c000000 ---p 00000000 00:00 0 
7f2e4c000000-7f2e4c021000 rw-p 00000000 00:00 0 
7f2e4c021000-7f2e50000000 ---p 00000000 00:00 0 
7f2e524fb000-7f2e526fb000 rw-p 00000000 00:00 0 
7f2e526fb000-7f2e528fb000 rw-p 00000000 00:00 0 
7f2e528fb000-7f2e52afb000 rw-p 00000000 00:00 0 
7f2e52afb000-7f2e52cfb000 rw-p 00000000 00:00 0 
7f2e52cfb000-7f2e52cff000 ---p 00000000 00:00 0 
7f2e52cff000-7f2e52dfc000 rw-p 00000000 00:00 0 
7f2e52dfc000-7f2e52e00000 ---p 00000000 00:00 0 
7f2e52e00000-7f2e530fd000 rw-p 00000000 00:00 0 
7f2e530fd000-7f2e532fd000 rw-p 00000000 00:00 0 
7f2e532fd000-7f2e534fd000 rw-p 00000000 00:00 0 
7f2e534fd000-7f2e536fd000 rw-p 00000000 00:00 0 
7f2e536fd000-7f2e538fd000 rw-p 00000000 00:00 0 
7f2e538fd000-7f2e53901000 ---p 00000000 00:00 0 
7f2e53901000-7f2e53bfe000 rw-p 00000000 00:00 0 
7f2e53bfe000-7f2e53c02000 ---p 00000000 00:00 0 
7f2e53c02000-7f2e53cff000 rw-p 00000000 00:00 0 
7f2e53cff000-7f2e53d03000 ---p 00000000 00:00 0 
7f2e53d03000-7f2e54000000 rw-p 00000000 00:00 0 
7f2e54000000-7f2e5403c000 rw-p 00000000 00:00 0 
7f2e5403c000-7f2e58000000 ---p 00000000 00:00 0 
7f2e58000000-7f2e58021000 rw-p 00000000 00:00 0 
7f2e58021000-7f2e5c000000 ---p 00000000 00:00 0 
7f2e5c000000-7f2e5d73e000 rw-p 00000000 00:00 0 
7f2e5d73e000-7f2e60000000 ---p 00000000 00:00 0 
7f2e60000000-7f2e6034d000 rw-p 00000000 00:00 0 
7f2e6034d000-7f2e64000000 ---p 00000000 00:00 0 
7f2e64000000-7f2e64021000 rw-p 00000000 00:00 0 
7f2e64021000-7f2e68000000 ---p 00000000 00:00 0 
7f2e68000000-7f2e68021000 rw-p 00000000 00:00 0 
7f2e68021000-7f2e6c000000 ---p 00000000 00:00 0 
7f2e6c000000-7f2e6c023000 rw-p 00000000 00:00 0 
7f2e6c023000-7f2e70000000 ---p 00000000 00:00 0 
7f2e70000000-7f2e70021000 rw-p 00000000 00:00 0 
7f2e70021000-7f2e74000000 ---p 00000000 00:00 0 
7f2e74000000-7f2e74e1c000 rw-p 00000000 00:00 0 
7f2e74e1c000-7f2e78000000 ---p 00000000 00:00 0 
7f2e78000000-7f2e78021000 rw-p 00000000 00:00 0 
7f2e78021000-7f2e7c000000 ---p 00000000 00:00 0 
7f2e7c000000-7f2e7dd36000 rw-p 00000000 00:00 0 
7f2e7dd36000-7f2e80000000 ---p 00000000 00:00 0 
7f2e80000000-7f2e816ba000 rw-p 00000000 00:00 0 
7f2e816ba000-7f2e84000000 ---p 00000000 00:00 0 
7f2e84000000-7f2e85849000 rw-p 00000000 00:00 0 
7f2e85849000-7f2e88000000 ---p 00000000 00:00 0 
7f2e880d6000-7f2e880fe000 r-xp 00000000 08:06 5121684                    /usr/lib/jvm/java-11-openjdk-amd64/lib/libsunec.so
7f2e880fe000-7f2e882fe000 ---p 00028000 08:06 5121684                    /usr/lib/jvm/java-11-openjdk-amd64/lib/libsunec.so
7f2e882fe000-7f2e88302000 r--p 00028000 08:06 5121684                    /usr/lib/jvm/java-11-openjdk-amd64/lib/libsunec.so
7f2e88302000-7f2e88303000 rw-p 0002c000 08:06 5121684                    /usr/lib/jvm/java-11-openjdk-amd64/lib/libsunec.so
7f2e88303000-7f2e88304000 r-xp 00000000 08:06 5114143                    /usr/lib/jvm/java-11-openjdk-amd64/lib/libextnet.so
7f2e88304000-7f2e88503000 ---p 00001000 08:06 5114143                    /usr/lib/jvm/java-11-openjdk-amd64/lib/libextnet.so
7f2e88503000-7f2e88504000 r--p 00000000 08:06 5114143                    /usr/lib/jvm/java-11-openjdk-amd64/lib/libextnet.so
7f2e88504000-7f2e88505000 rw-p 00001000 08:06 5114143                    /usr/lib/jvm/java-11-openjdk-amd64/lib/libextnet.so
7f2e885bc000-7f2e887bc000 rw-p 00000000 00:00 0 
7f2e887bc000-7f2e887c0000 ---p 00000000 00:00 0 
7f2e887c0000-7f2e888bd000 rw-p 00000000 00:00 0 
7f2e888bd000-7f2e888c1000 ---p 00000000 00:00 0 
7f2e888c1000-7f2e88bbe000 rw-p 00000000 00:00 0 
7f2e88bbe000-7f2e88dbe000 rw-p 00000000 00:00 0 
7f2e88dbe000-7f2e88fbe000 rw-p 00000000 00:00 0 
7f2e88fbe000-7f2e891be000 rw-p 00000000 00:00 0 
7f2e891be000-7f2e893be000 rw-p 00000000 00:00 0 
7f2e893be000-7f2e895be000 rw-p 00000000 00:00 0 
7f2e895be000-7f2e897be000 rw-p 00000000 00:00 0 
7f2e897be000-7f2e899be000 rw-p 00000000 00:00 0 
7f2e899be000-7f2e89bbe000 rw-p 00000000 00:00 0 
7f2e89bbe000-7f2e89bc2000 ---p 00000000 00:00 0 
7f2e89bc2000-7f2e89ebf000 rw-p 00000000 00:00 0 
7f2e89ebf000-7f2e8a0bf000 rw-p 00000000 00:00 0 
7f2e8a0bf000-7f2e8a2bf000 rw-p 00000000 00:00 0 
7f2e8a2bf000-7f2e8a4bf000 rw-p 00000000 00:00 0 
7f2e8a4bf000-7f2e8a6bf000 rw-p 00000000 00:00 0 
7f2e8a6bf000-7f2e8a8bf000 rw-p 00000000 00:00 0 
7f2e8a8bf000-7f2e8a8c3000 ---p 00000000 00:00 0 
7f2e8a8c3000-7f2e8abc0000 rw-p 00000000 00:00 0 
7f2e8abc0000-7f2e8abc4000 ---p 00000000 00:00 0 
7f2e8abc4000-7f2e8acc1000 rw-p 00000000 00:00 0 
7f2e8acc1000-7f2e8acc5000 ---p 00000000 00:00 0 
7f2e8acc5000-7f2e8adc2000 rw-p 00000000 00:00 0 
7f2e8adc2000-7f2e8adc7000 r-xp 00000000 08:06 5114192                    /usr/lib/jvm/java-11-openjdk-amd64/lib/libmanagement_ext.so
7f2e8adc7000-7f2e8afc6000 ---p 00005000 08:06 5114192                    /usr/lib/jvm/java-11-openjdk-amd64/lib/libmanagement_ext.so
7f2e8afc6000-7f2e8afc7000 r--p 00004000 08:06 5114192                    /usr/lib/jvm/java-11-openjdk-amd64/lib/libmanagement_ext.so
7f2e8afc7000-7f2e8afc8000 rw-p 00005000 08:06 5114192                    /usr/lib/jvm/java-11-openjdk-amd64/lib/libmanagement_ext.so
7f2e8afc8000-7f2e8afcc000 r-xp 00000000 08:06 5114189                    /usr/lib/jvm/java-11-openjdk-amd64/lib/libmanagement.so
7f2e8afcc000-7f2e8b1cb000 ---p 00004000 08:06 5114189                    /usr/lib/jvm/java-11-openjdk-amd64/lib/libmanagement.so
7f2e8b1cb000-7f2e8b1cc000 r--p 00003000 08:06 5114189                    /usr/lib/jvm/java-11-openjdk-amd64/lib/libmanagement.so
7f2e8b1cc000-7f2e8b1cd000 rw-p 00004000 08:06 5114189                    /usr/lib/jvm/java-11-openjdk-amd64/lib/libmanagement.so
7f2e8b1cd000-7f2e8b3cd000 rw-p 00000000 00:00 0 
7f2e8b3cd000-7f2e8b3e4000 r-xp 00000000 08:06 5121676                    /usr/lib/jvm/java-11-openjdk-amd64/lib/libnet.so
7f2e8b3e4000-7f2e8b5e3000 ---p 00017000 08:06 5121676                    /usr/lib/jvm/java-11-openjdk-amd64/lib/libnet.so
7f2e8b5e3000-7f2e8b5e4000 r--p 00016000 08:06 5121676                    /usr/lib/jvm/java-11-openjdk-amd64/lib/libnet.so
7f2e8b5e4000-7f2e8b5e5000 rw-p 00017000 08:06 5121676                    /usr/lib/jvm/java-11-openjdk-amd64/lib/libnet.so
7f2e8b5e5000-7f2e8b5f6000 r-xp 00000000 08:06 5121678                    /usr/lib/jvm/java-11-openjdk-amd64/lib/libnio.so
7f2e8b5f6000-7f2e8b7f5000 ---p 00011000 08:06 5121678                    /usr/lib/jvm/java-11-openjdk-amd64/lib/libnio.so
7f2e8b7f5000-7f2e8b7f6000 r--p 00010000 08:06 5121678                    /usr/lib/jvm/java-11-openjdk-amd64/lib/libnio.so
7f2e8b7f6000-7f2e8b7f7000 rw-p 00011000 08:06 5121678                    /usr/lib/jvm/java-11-openjdk-amd64/lib/libnio.so
7f2e8b7f7000-7f2e8b7fb000 ---p 00000000 00:00 0 
7f2e8b7fb000-7f2e8b8f8000 rw-p 00000000 00:00 0 
7f2e8b8f8000-7f2e8b8f9000 ---p 00000000 00:00 0 
7f2e8b8f9000-7f2e8b9fa000 rw-p 00000000 00:00 0 
7f2e8b9fa000-7f2e8b9fe000 ---p 00000000 00:00 0 
7f2e8b9fe000-7f2e8bafb000 rw-p 00000000 00:00 0 
7f2e8bafb000-7f2e8baff000 ---p 00000000 00:00 0 
7f2e8baff000-7f2e8bbfc000 rw-p 00000000 00:00 0 
7f2e8bbfc000-7f2e8bc00000 ---p 00000000 00:00 0 
7f2e8bc00000-7f2e8bcfd000 rw-p 00000000 00:00 0 
7f2e8bcfd000-7f2e8bd01000 ---p 00000000 00:00 0 
7f2e8bd01000-7f2e8bdfe000 rw-p 00000000 00:00 0 
7f2e8bdfe000-7f2e8be02000 ---p 00000000 00:00 0 
7f2e8be02000-7f2e8beff000 rw-p 00000000 00:00 0 
7f2e8beff000-7f2e8bf03000 ---p 00000000 00:00 0 
7f2e8bf03000-7f2e8c000000 rw-p 00000000 00:00 0 
7f2e8c000000-7f2e8c021000 rw-p 00000000 00:00 0 
7f2e8c021000-7f2e90000000 ---p 00000000 00:00 0 
7f2e90000000-7f2e90021000 rw-p 00000000 00:00 0 
7f2e90021000-7f2e94000000 ---p 00000000 00:00 0 
7f2e94000000-7f2e9410b000 rw-p 00000000 00:00 0 
7f2e9410b000-7f2e98000000 ---p 00000000 00:00 0 
7f2e98000000-7f2e98021000 rw-p 00000000 00:00 0 
7f2e98021000-7f2e9c000000 ---p 00000000 00:00 0 
7f2e9c000000-7f2e9c021000 rw-p 00000000 00:00 0 
7f2e9c021000-7f2ea0000000 ---p 00000000 00:00 0 
7f2ea0000000-7f2ea0021000 rw-p 00000000 00:00 0 
7f2ea0021000-7f2ea4000000 ---p 00000000 00:00 0 
7f2ea4000000-7f2ea4021000 rw-p 00000000 00:00 0 
7f2ea4021000-7f2ea8000000 ---p 00000000 00:00 0 
7f2ea8000000-7f2ea8021000 rw-p 00000000 00:00 0 
7f2ea8021000-7f2eac000000 ---p 00000000 00:00 0 
7f2eac000000-7f2eac021000 rw-p 00000000 00:00 0 
7f2eac021000-7f2eb0000000 ---p 00000000 00:00 0 
7f2eb0000000-7f2eb0021000 rw-p 00000000 00:00 0 
7f2eb0021000-7f2eb4000000 ---p 00000000 00:00 0 
7f2eb4000000-7f2eb4021000 rw-p 00000000 00:00 0 
7f2eb4021000-7f2eb8000000 ---p 00000000 00:00 0 
7f2eb8000000-7f2eb8021000 rw-p 00000000 00:00 0 
7f2eb8021000-7f2ebc000000 ---p 00000000 00:00 0 
7f2ebc000000-7f2ebc021000 rw-p 00000000 00:00 0 
7f2ebc021000-7f2ec0000000 ---p 00000000 00:00 0 
7f2ec0000000-7f2ec0021000 rw-p 00000000 00:00 0 
7f2ec0021000-7f2ec4000000 ---p 00000000 00:00 0 
7f2ec4000000-7f2ec4023000 rw-p 00000000 00:00 0 
7f2ec4023000-7f2ec8000000 ---p 00000000 00:00 0 
7f2ec8000000-7f2ec8021000 rw-p 00000000 00:00 0 
7f2ec8021000-7f2ecc000000 ---p 00000000 00:00 0 
7f2ecc018000-7f2ecc01c000 ---p 00000000 00:00 0 
7f2ecc01c000-7f2ecc119000 rw-p 00000000 00:00 0 
7f2ecc119000-7f2eccae8000 r--p 00000000 08:06 3414809                    /usr/lib/locale/locale-archive
7f2eccae8000-7f2eccaec000 ---p 00000000 00:00 0 
7f2eccaec000-7f2eccbe9000 rw-p 00000000 00:00 0 
7f2eccbe9000-7f2eccbed000 ---p 00000000 00:00 0 
7f2eccbed000-7f2ecccea000 rw-p 00000000 00:00 0 
7f2ecccea000-7f2eccceb000 ---p 00000000 00:00 0 
7f2eccceb000-7f2ecd5ec000 rw-p 00000000 00:00 0 
7f2ecd5ec000-7f2ecd5ed000 ---p 00000000 00:00 0 
7f2ecd5ed000-7f2ecd6ee000 rw-p 00000000 00:00 0 
7f2ecd6ee000-7f2ecd6ef000 ---p 00000000 00:00 0 
7f2ecd6ef000-7f2ecd7f0000 rw-p 00000000 00:00 0 
7f2ecd7f0000-7f2ecd7f1000 ---p 00000000 00:00 0 
7f2ecd7f1000-7f2ecd8f2000 rw-p 00000000 00:00 0 
7f2ecd8f2000-7f2ecd8f3000 ---p 00000000 00:00 0 
7f2ecd8f3000-7f2ecd9f4000 rw-p 00000000 00:00 0 
7f2ecd9f4000-7f2ecd9f5000 ---p 00000000 00:00 0 
7f2ecd9f5000-7f2ecdaf6000 rw-p 00000000 00:00 0 
7f2ecdaf6000-7f2ecdaf7000 ---p 00000000 00:00 0 
7f2ecdaf7000-7f2ecdbf8000 rw-p 00000000 00:00 0 
7f2ecdbf8000-7f2ecdbf9000 ---p 00000000 00:00 0 
7f2ecdbf9000-7f2ecdcfa000 rw-p 00000000 00:00 0 
7f2ecdcfa000-7f2ecdcfb000 ---p 00000000 00:00 0 
7f2ecdcfb000-7f2ecddfc000 rw-p 00000000 00:00 0 
7f2ecddfc000-7f2ecddfd000 ---p 00000000 00:00 0 
7f2ecddfd000-7f2ecdefe000 rw-p 00000000 00:00 0 
7f2ecdefe000-7f2ecdeff000 ---p 00000000 00:00 0 
7f2ecdeff000-7f2ed0000000 rw-p 00000000 00:00 0 
7f2ed0000000-7f2ed0021000 rw-p 00000000 00:00 0 
7f2ed0021000-7f2ed4000000 ---p 00000000 00:00 0 
7f2ed4000000-7f2ed4021000 rw-p 00000000 00:00 0 
7f2ed4021000-7f2ed8000000 ---p 00000000 00:00 0 
7f2ed8000000-7f2ed8021000 rw-p 00000000 00:00 0 
7f2ed8021000-7f2edc000000 ---p 00000000 00:00 0 
7f2edc000000-7f2edc021000 rw-p 00000000 00:00 0 
7f2edc021000-7f2ee0000000 ---p 00000000 00:00 0 
7f2ee0008000-7f2ee007e000 rw-p 00000000 00:00 0 
7f2ee007e000-7f2ee007f000 ---p 00000000 00:00 0 
7f2ee007f000-7f2ee04ec000 rw-p 00000000 00:00 0 
7f2ee04ec000-7f2ee20c0000 ---p 00000000 00:00 0 
7f2ee20c0000-7f2ee242c000 rw-p 00000000 00:00 0 
7f2ee242c000-7f2ee4000000 ---p 00000000 00:00 0 
7f2ee4000000-7f2ee4021000 rw-p 00000000 00:00 0 
7f2ee4021000-7f2ee8000000 ---p 00000000 00:00 0 
7f2ee8000000-7f2ee8021000 rw-p 00000000 00:00 0 
7f2ee8021000-7f2eec000000 ---p 00000000 00:00 0 
7f2eec000000-7f2eec021000 rw-p 00000000 00:00 0 
7f2eec021000-7f2ef0000000 ---p 00000000 00:00 0 
7f2ef0000000-7f2ef0021000 rw-p 00000000 00:00 0 
7f2ef0021000-7f2ef4000000 ---p 00000000 00:00 0 
7f2ef4000000-7f2ef4021000 rw-p 00000000 00:00 0 
7f2ef4021000-7f2ef8000000 ---p 00000000 00:00 0 
7f2ef8000000-7f2ef8021000 rw-p 00000000 00:00 0 
7f2ef8021000-7f2efc000000 ---p 00000000 00:00 0 
7f2efc000000-7f2efc021000 rw-p 00000000 00:00 0 
7f2efc021000-7f2f00000000 ---p 00000000 00:00 0 
7f2f00000000-7f2f00021000 rw-p 00000000 00:00 0 
7f2f00021000-7f2f04000000 ---p 00000000 00:00 0 
7f2f04000000-7f2f04021000 rw-p 00000000 00:00 0 
7f2f04021000-7f2f08000000 ---p 00000000 00:00 0 
7f2f08013000-7f2f08039000 r--p 00000000 08:06 4329362                    /usr/share/locale-langpack/pt_BR/LC_MESSAGES/libc.mo
7f2f08039000-7f2f08af7000 rw-p 00000000 00:00 0 
7f2f08af7000-7f2f08af8000 ---p 00000000 00:00 0 
7f2f08af8000-7f2f08bf9000 rw-p 00000000 00:00 0 
7f2f08bf9000-7f2f08bfa000 ---p 00000000 00:00 0 
7f2f08bfa000-7f2f08cfb000 rw-p 00000000 00:00 0 
7f2f08cfb000-7f2f08cfc000 ---p 00000000 00:00 0 
7f2f08cfc000-7f2f08dfd000 rw-p 00000000 00:00 0 
7f2f08dfd000-7f2f08dfe000 ---p 00000000 00:00 0 
7f2f08dfe000-7f2f08f6d000 rw-p 00000000 00:00 0 
7f2f08f6d000-7f2f092e7000 ---p 00000000 00:00 0 
7f2f092e7000-7f2f09355000 rw-p 00000000 00:00 0 
7f2f09355000-7f2f096cf000 ---p 00000000 00:00 0 
7f2f096cf000-7f2f0973d000 rw-p 00000000 00:00 0 
7f2f0973d000-7f2f09ab7000 ---p 00000000 00:00 0 
7f2f09ab7000-7f2f0a4c1000 rw-p 00000000 00:00 0 
7f2f0a4c1000-7f2f0a4c2000 ---p 00000000 00:00 0 
7f2f0a4c2000-7f2f0a5c3000 rw-p 00000000 00:00 0 
7f2f0a5c3000-7f2f0a5c4000 ---p 00000000 00:00 0 
7f2f0a5c4000-7f2f0a6c5000 rw-p 00000000 00:00 0 
7f2f0a6c5000-7f2f0a6c6000 ---p 00000000 00:00 0 
7f2f0a6c6000-7f2f0a7c7000 rw-p 00000000 00:00 0 
7f2f0a7c7000-7f2f0a7c8000 ---p 00000000 00:00 0 
7f2f0a7c8000-7f2f0a8c9000 rw-p 00000000 00:00 0 
7f2f0a8c9000-7f2f0a8ca000 ---p 00000000 00:00 0 
7f2f0a8ca000-7f2f0a9cb000 rw-p 00000000 00:00 0 
7f2f0a9cb000-7f2f0a9cc000 ---p 00000000 00:00 0 
7f2f0a9cc000-7f2f0aacd000 rw-p 00000000 00:00 0 
7f2f0aacd000-7f2f0aace000 ---p 00000000 00:00 0 
7f2f0aace000-7f2f0abcf000 rw-p 00000000 00:00 0 
7f2f0abcf000-7f2f0abd0000 ---p 00000000 00:00 0 
7f2f0abd0000-7f2f0acd1000 rw-p 00000000 00:00 0 
7f2f0acd1000-7f2f0acd2000 ---p 00000000 00:00 0 
7f2f0acd2000-7f2f0add3000 rw-p 00000000 00:00 0 
7f2f0add3000-7f2f0add4000 ---p 00000000 00:00 0 
7f2f0add4000-7f2f0aed5000 rw-p 00000000 00:00 0 
7f2f0aed5000-7f2f0b145000 rwxp 00000000 00:00 0 
7f2f0b145000-7f2f0b466000 ---p 00000000 00:00 0 
7f2f0b466000-7f2f0c656000 rwxp 00000000 00:00 0 
7f2f0c656000-7f2f1299d000 ---p 00000000 00:00 0 
7f2f1299d000-7f2f12e6d000 rwxp 00000000 00:00 0 
7f2f12e6d000-7f2f19ed5000 ---p 00000000 00:00 0 
7f2f19ed5000-7f2f233b0000 r--s 00000000 08:06 5121688                    /usr/lib/jvm/java-11-openjdk-amd64/lib/modules
7f2f233b0000-7f2f233b5000 r-xp 00000000 08:06 5114170                    /usr/lib/jvm/java-11-openjdk-amd64/lib/libjimage.so
7f2f233b5000-7f2f235b4000 ---p 00005000 08:06 5114170                    /usr/lib/jvm/java-11-openjdk-amd64/lib/libjimage.so
7f2f235b4000-7f2f235b5000 r--p 00004000 08:06 5114170                    /usr/lib/jvm/java-11-openjdk-amd64/lib/libjimage.so
7f2f235b5000-7f2f235b6000 rw-p 00005000 08:06 5114170                    /usr/lib/jvm/java-11-openjdk-amd64/lib/libjimage.so
7f2f235b6000-7f2f235bd000 r-xp 00000000 08:06 5121687                    /usr/lib/jvm/java-11-openjdk-amd64/lib/libzip.so
7f2f235bd000-7f2f237bc000 ---p 00007000 08:06 5121687                    /usr/lib/jvm/java-11-openjdk-amd64/lib/libzip.so
7f2f237bc000-7f2f237bd000 r--p 00006000 08:06 5121687                    /usr/lib/jvm/java-11-openjdk-amd64/lib/libzip.so
7f2f237bd000-7f2f237be000 rw-p 00007000 08:06 5121687                    /usr/lib/jvm/java-11-openjdk-amd64/lib/libzip.so
7f2f237be000-7f2f237c9000 r-xp 00000000 08:06 4068273                    /lib/x86_64-linux-gnu/libnss_files-2.27.so
7f2f237c9000-7f2f239c8000 ---p 0000b000 08:06 4068273                    /lib/x86_64-linux-gnu/libnss_files-2.27.so
7f2f239c8000-7f2f239c9000 r--p 0000a000 08:06 4068273                    /lib/x86_64-linux-gnu/libnss_files-2.27.so
7f2f239c9000-7f2f239ca000 rw-p 0000b000 08:06 4068273                    /lib/x86_64-linux-gnu/libnss_files-2.27.so
7f2f239ca000-7f2f239d0000 rw-p 00000000 00:00 0 
7f2f239d0000-7f2f239e7000 r-xp 00000000 08:06 4068267                    /lib/x86_64-linux-gnu/libnsl-2.27.so
7f2f239e7000-7f2f23be6000 ---p 00017000 08:06 4068267                    /lib/x86_64-linux-gnu/libnsl-2.27.so
7f2f23be6000-7f2f23be7000 r--p 00016000 08:06 4068267                    /lib/x86_64-linux-gnu/libnsl-2.27.so
7f2f23be7000-7f2f23be8000 rw-p 00017000 08:06 4068267                    /lib/x86_64-linux-gnu/libnsl-2.27.so
7f2f23be8000-7f2f23bea000 rw-p 00000000 00:00 0 
7f2f23bea000-7f2f23bf5000 r-xp 00000000 08:06 4068284                    /lib/x86_64-linux-gnu/libnss_nis-2.27.so
7f2f23bf5000-7f2f23df4000 ---p 0000b000 08:06 4068284                    /lib/x86_64-linux-gnu/libnss_nis-2.27.so
7f2f23df4000-7f2f23df5000 r--p 0000a000 08:06 4068284                    /lib/x86_64-linux-gnu/libnss_nis-2.27.so
7f2f23df5000-7f2f23df6000 rw-p 0000b000 08:06 4068284                    /lib/x86_64-linux-gnu/libnss_nis-2.27.so
7f2f23df6000-7f2f23dfe000 r-xp 00000000 08:06 4068269                    /lib/x86_64-linux-gnu/libnss_compat-2.27.so
7f2f23dfe000-7f2f23ffe000 ---p 00008000 08:06 4068269                    /lib/x86_64-linux-gnu/libnss_compat-2.27.so
7f2f23ffe000-7f2f23fff000 r--p 00008000 08:06 4068269                    /lib/x86_64-linux-gnu/libnss_compat-2.27.so
7f2f23fff000-7f2f24000000 rw-p 00009000 08:06 4068269                    /lib/x86_64-linux-gnu/libnss_compat-2.27.so
7f2f24000000-7f2f2498f000 rw-p 00000000 00:00 0 
7f2f2498f000-7f2f28000000 ---p 00000000 00:00 0 
7f2f28010000-7f2f2801a000 rw-p 00000000 00:00 0 
7f2f2801a000-7f2f280fb000 ---p 00000000 00:00 0 
7f2f280fb000-7f2f2811f000 rw-p 00000000 00:00 0 
7f2f2811f000-7f2f281e6000 ---p 00000000 00:00 0 
7f2f281e6000-7f2f28212000 r-xp 00000000 08:06 5114166                    /usr/lib/jvm/java-11-openjdk-amd64/lib/libjava.so
7f2f28212000-7f2f28411000 ---p 0002c000 08:06 5114166                    /usr/lib/jvm/java-11-openjdk-amd64/lib/libjava.so
7f2f28411000-7f2f28412000 r--p 0002b000 08:06 5114166                    /usr/lib/jvm/java-11-openjdk-amd64/lib/libjava.so
7f2f28412000-7f2f28414000 rw-p 0002c000 08:06 5114166                    /usr/lib/jvm/java-11-openjdk-amd64/lib/libjava.so
7f2f28414000-7f2f28421000 r-xp 00000000 08:06 5121686                    /usr/lib/jvm/java-11-openjdk-amd64/lib/libverify.so
7f2f28421000-7f2f28620000 ---p 0000d000 08:06 5121686                    /usr/lib/jvm/java-11-openjdk-amd64/lib/libverify.so
7f2f28620000-7f2f28622000 r--p 0000c000 08:06 5121686                    /usr/lib/jvm/java-11-openjdk-amd64/lib/libverify.so
7f2f28622000-7f2f28623000 rw-p 0000e000 08:06 5121686                    /usr/lib/jvm/java-11-openjdk-amd64/lib/libverify.so
7f2f28623000-7f2f2862a000 r-xp 00000000 08:06 4068324                    /lib/x86_64-linux-gnu/librt-2.27.so
7f2f2862a000-7f2f28829000 ---p 00007000 08:06 4068324                    /lib/x86_64-linux-gnu/librt-2.27.so
7f2f28829000-7f2f2882a000 r--p 00006000 08:06 4068324                    /lib/x86_64-linux-gnu/librt-2.27.so
7f2f2882a000-7f2f2882b000 rw-p 00007000 08:06 4068324                    /lib/x86_64-linux-gnu/librt-2.27.so
7f2f2882b000-7f2f28842000 r-xp 00000000 08:06 4068220                    /lib/x86_64-linux-gnu/libgcc_s.so.1
7f2f28842000-7f2f28a41000 ---p 00017000 08:06 4068220                    /lib/x86_64-linux-gnu/libgcc_s.so.1
7f2f28a41000-7f2f28a42000 r--p 00016000 08:06 4068220                    /lib/x86_64-linux-gnu/libgcc_s.so.1
7f2f28a42000-7f2f28a43000 rw-p 00017000 08:06 4068220                    /lib/x86_64-linux-gnu/libgcc_s.so.1
7f2f28a43000-7f2f28be0000 r-xp 00000000 08:06 4068246                    /lib/x86_64-linux-gnu/libm-2.27.so
7f2f28be0000-7f2f28ddf000 ---p 0019d000 08:06 4068246                    /lib/x86_64-linux-gnu/libm-2.27.so
7f2f28ddf000-7f2f28de0000 r--p 0019c000 08:06 4068246                    /lib/x86_64-linux-gnu/libm-2.27.so
7f2f28de0000-7f2f28de1000 rw-p 0019d000 08:06 4068246                    /lib/x86_64-linux-gnu/libm-2.27.so
7f2f28de1000-7f2f28f5f000 r-xp 00000000 08:06 3416972                    /usr/lib/x86_64-linux-gnu/libstdc++.so.6.0.25
7f2f28f5f000-7f2f2915f000 ---p 0017e000 08:06 3416972                    /usr/lib/x86_64-linux-gnu/libstdc++.so.6.0.25
7f2f2915f000-7f2f29169000 r--p 0017e000 08:06 3416972                    /usr/lib/x86_64-linux-gnu/libstdc++.so.6.0.25
7f2f29169000-7f2f2916b000 rw-p 00188000 08:06 3416972                    /usr/lib/x86_64-linux-gnu/libstdc++.so.6.0.25
7f2f2916b000-7f2f2916f000 rw-p 00000000 00:00 0 
7f2f2916f000-7f2f2a10c000 r-xp 00000000 08:06 5510482                    /usr/lib/jvm/java-11-openjdk-amd64/lib/server/libjvm.so
7f2f2a10c000-7f2f2a30c000 ---p 00f9d000 08:06 5510482                    /usr/lib/jvm/java-11-openjdk-amd64/lib/server/libjvm.so
7f2f2a30c000-7f2f2a3d0000 r--p 00f9d000 08:06 5510482                    /usr/lib/jvm/java-11-openjdk-amd64/lib/server/libjvm.so
7f2f2a3d0000-7f2f2a408000 rw-p 01061000 08:06 5510482                    /usr/lib/jvm/java-11-openjdk-amd64/lib/server/libjvm.so
7f2f2a408000-7f2f2a451000 rw-p 00000000 00:00 0 
7f2f2a451000-7f2f2a46b000 r-xp 00000000 08:06 4068316                    /lib/x86_64-linux-gnu/libpthread-2.27.so
7f2f2a46b000-7f2f2a66a000 ---p 0001a000 08:06 4068316                    /lib/x86_64-linux-gnu/libpthread-2.27.so
7f2f2a66a000-7f2f2a66b000 r--p 00019000 08:06 4068316                    /lib/x86_64-linux-gnu/libpthread-2.27.so
7f2f2a66b000-7f2f2a66c000 rw-p 0001a000 08:06 4068316                    /lib/x86_64-linux-gnu/libpthread-2.27.so
7f2f2a66c000-7f2f2a670000 rw-p 00000000 00:00 0 
7f2f2a670000-7f2f2a673000 r-xp 00000000 08:06 4068206                    /lib/x86_64-linux-gnu/libdl-2.27.so
7f2f2a673000-7f2f2a872000 ---p 00003000 08:06 4068206                    /lib/x86_64-linux-gnu/libdl-2.27.so
7f2f2a872000-7f2f2a873000 r--p 00002000 08:06 4068206                    /lib/x86_64-linux-gnu/libdl-2.27.so
7f2f2a873000-7f2f2a874000 rw-p 00003000 08:06 4068206                    /lib/x86_64-linux-gnu/libdl-2.27.so
7f2f2a874000-7f2f2a890000 r-xp 00000000 08:06 4068355                    /lib/x86_64-linux-gnu/libz.so.1.2.11
7f2f2a890000-7f2f2aa8f000 ---p 0001c000 08:06 4068355                    /lib/x86_64-linux-gnu/libz.so.1.2.11
7f2f2aa8f000-7f2f2aa90000 r--p 0001b000 08:06 4068355                    /lib/x86_64-linux-gnu/libz.so.1.2.11
7f2f2aa90000-7f2f2aa91000 rw-p 0001c000 08:06 4068355                    /lib/x86_64-linux-gnu/libz.so.1.2.11
7f2f2aa91000-7f2f2ac78000 r-xp 00000000 08:06 4068183                    /lib/x86_64-linux-gnu/libc-2.27.so
7f2f2ac78000-7f2f2ae78000 ---p 001e7000 08:06 4068183                    /lib/x86_64-linux-gnu/libc-2.27.so
7f2f2ae78000-7f2f2ae7c000 r--p 001e7000 08:06 4068183                    /lib/x86_64-linux-gnu/libc-2.27.so
7f2f2ae7c000-7f2f2ae7e000 rw-p 001eb000 08:06 4068183                    /lib/x86_64-linux-gnu/libc-2.27.so
7f2f2ae7e000-7f2f2ae82000 rw-p 00000000 00:00 0 
7f2f2ae82000-7f2f2ae91000 r-xp 00000000 08:06 5249876                    /usr/lib/jvm/java-11-openjdk-amd64/lib/jli/libjli.so
7f2f2ae91000-7f2f2b090000 ---p 0000f000 08:06 5249876                    /usr/lib/jvm/java-11-openjdk-amd64/lib/jli/libjli.so
7f2f2b090000-7f2f2b091000 r--p 0000e000 08:06 5249876                    /usr/lib/jvm/java-11-openjdk-amd64/lib/jli/libjli.so
7f2f2b091000-7f2f2b092000 rw-p 0000f000 08:06 5249876                    /usr/lib/jvm/java-11-openjdk-amd64/lib/jli/libjli.so
7f2f2b092000-7f2f2b0b9000 r-xp 00000000 08:06 4068155                    /lib/x86_64-linux-gnu/ld-2.27.so
7f2f2b0d4000-7f2f2b199000 rw-p 00000000 00:00 0 
7f2f2b199000-7f2f2b1a0000 ---p 00000000 00:00 0 
7f2f2b1a0000-7f2f2b1a4000 ---p 00000000 00:00 0 
7f2f2b1a4000-7f2f2b2a3000 rw-p 00000000 00:00 0 
7f2f2b2a5000-7f2f2b2ac000 r--s 00000000 08:06 3672356                    /usr/lib/x86_64-linux-gnu/gconv/gconv-modules.cache
7f2f2b2ac000-7f2f2b2ad000 rw-p 00000000 00:00 0 
7f2f2b2ad000-7f2f2b2b5000 rw-s 00000000 08:06 1312137                    /tmp/hsperfdata_felipekjr/19312
7f2f2b2b5000-7f2f2b2b6000 ---p 00000000 00:00 0 
7f2f2b2b6000-7f2f2b2b7000 r--p 00000000 00:00 0 
7f2f2b2b7000-7f2f2b2b9000 rw-p 00000000 00:00 0 
7f2f2b2b9000-7f2f2b2ba000 r--p 00027000 08:06 4068155                    /lib/x86_64-linux-gnu/ld-2.27.so
7f2f2b2ba000-7f2f2b2bb000 rw-p 00028000 08:06 4068155                    /lib/x86_64-linux-gnu/ld-2.27.so
7f2f2b2bb000-7f2f2b2bc000 rw-p 00000000 00:00 0 
7ffcc173e000-7ffcc1761000 rw-p 00000000 00:00 0                          [stack]
7ffcc1793000-7ffcc1796000 r--p 00000000 00:00 0                          [vvar]
7ffcc1796000-7ffcc1798000 r-xp 00000000 00:00 0                          [vdso]
ffffffffff600000-ffffffffff601000 r-xp 00000000 00:00 0                  [vsyscall]


VM Arguments:
java_command: api.Application
java_class_path (initial): /home/felipekjr/Documentos/eolic-api/api/target/classes:/home/felipekjr/.m2/repository/org/jboss/jandex/2.0.5.Final/jandex-2.0.5.Final.jar:/home/felipekjr/.m2/repository/com/fasterxml/jackson/module/jackson-module-parameter-names/2.9.8/jackson-module-parameter-names-2.9.8.jar:/home/felipekjr/.m2/repository/org/springframework/boot/spring-boot-devtools/2.1.2.RELEASE/spring-boot-devtools-2.1.2.RELEASE.jar:/home/felipekjr/.m2/repository/org/springframework/boot/spring-boot-starter-web/2.1.2.RELEASE/spring-boot-starter-web-2.1.2.RELEASE.jar:/home/felipekjr/.m2/repository/io/micrometer/micrometer-core/1.1.2/micrometer-core-1.1.2.jar:/home/felipekjr/.m2/repository/javax/xml/bind/jaxb-api/2.3.1/jaxb-api-2.3.1.jar:/home/felipekjr/.m2/repository/net/bytebuddy/byte-buddy/1.9.7/byte-buddy-1.9.7.jar:/home/felipekjr/.m2/repository/org/aspectj/aspectjweaver/1.9.2/aspectjweaver-1.9.2.jar:/home/felipekjr/.m2/repository/com/fasterxml/jackson/core/jackson-databind/2.9.8/jackson-databind-2.9.8.jar:/home/felipekjr/.m2/repository/org/springframework/data/spring-data-jpa/2.1.4.RELEASE/spring-data-jpa-2.1.4.RELEASE.jar:/home/felipekjr/.m2/repository/org/springframework/boot/spring-boot-starter-data-jpa/2.1.2.RELEASE/spring-boot-starter-data-jpa-2.1.2.RELEASE.jar:/home/felipekjr/.m2/repository/ch/qos/logback/logback-classic/1.2.3/logback-classic-1.2.3.jar:/home/felipekjr/.m2/repository/javax/annotation/javax.annotation-api/1.3.2/javax.annotation-api-1.3.2.jar:/home/felipekjr/.m2/repository/org/jboss/logging/jboss-logging/3.3.2.Final/jboss-logging-3.3.2.Final.jar:/home/felipekjr/.m2/repository/javax/transaction/javax.transaction-api/1.3/javax.transaction-api-1.3.jar:/home/felipekjr/.m2/repository/javax/activation/javax.activation-api/1.2.0/javax.activation-api-1.2.0.jar:/home/felipekjr/.m2/repository/io/jsonwebtoken/jjwt/0.7.0/jjwt-0.7.0.jar:/home/felipekjr/.m2/repository/org/springframework/boot/spring-boot-starter-security/2.1.2.RELEASE/spring-boot-starter-sec
Launcher Type: SUN_STANDARD

Logging:
Log output configuration:
#0: stdout all=warning uptime,level,tags
#1: stderr all=off uptime,level,tags

Environment Variables:
PATH=/usr/local/sbin:/usr/local/bin:/usr/sbin:/usr/bin:/sbin:/bin:/usr/games:/usr/local/games:/snap/bin
USERNAME=felipekjr
SHELL=/bin/bash
DISPLAY=:0

Signal Handlers:
SIGSEGV: [libjvm.so+0xd28b70], sa_mask[0]=11111111011111111101111111111110, sa_flags=SA_RESTART|SA_SIGINFO
SIGBUS: [libjvm.so+0xd28b70], sa_mask[0]=11111111011111111101111111111110, sa_flags=SA_RESTART|SA_SIGINFO
SIGFPE: [libjvm.so+0xd28b70], sa_mask[0]=11111111011111111101111111111110, sa_flags=SA_RESTART|SA_SIGINFO
SIGPIPE: [libjvm.so+0xb2a1f0], sa_mask[0]=11111111011111111101111111111110, sa_flags=SA_RESTART|SA_SIGINFO
SIGXFSZ: [libjvm.so+0xb2a1f0], sa_mask[0]=11111111011111111101111111111110, sa_flags=SA_RESTART|SA_SIGINFO
SIGILL: [libjvm.so+0xd28b70], sa_mask[0]=11111111011111111101111111111110, sa_flags=SA_RESTART|SA_SIGINFO
SIGUSR2: [libjvm.so+0xb2a030], sa_mask[0]=00100000000000000000000000000000, sa_flags=SA_RESTART|SA_SIGINFO
SIGHUP: [libjvm.so+0xb2a180], sa_mask[0]=11111111011111111101111111111110, sa_flags=SA_RESTART|SA_SIGINFO
SIGINT: [libjvm.so+0xb2a180], sa_mask[0]=11111111011111111101111111111110, sa_flags=SA_RESTART|SA_SIGINFO
SIGTERM: [libjvm.so+0xb2a180], sa_mask[0]=11111111011111111101111111111110, sa_flags=SA_RESTART|SA_SIGINFO
SIGQUIT: [libjvm.so+0xb2a180], sa_mask[0]=11111111011111111101111111111110, sa_flags=SA_RESTART|SA_SIGINFO


---------------  S Y S T E M  ---------------

OS:DISTRIB_ID=Ubuntu
DISTRIB_RELEASE=18.04
DISTRIB_CODENAME=bionic
DISTRIB_DESCRIPTION="Ubuntu 18.04.1 LTS"
uname:Linux 4.15.0-43-generic #46-Ubuntu SMP Thu Dec 6 14:45:28 UTC 2018 x86_64
libc:glibc 2.27 NPTL 2.27 
rlimit: STACK 8192k, CORE 0k, NPROC 31474, NOFILE 4096, AS infinity, DATA infinity, FSIZE infinity
load average:0,43 0,14 0,04

/proc/meminfo:
MemTotal:        8184048 kB
MemFree:         1914116 kB
MemAvailable:    3288396 kB
Buffers:          157300 kB
Cached:          1413764 kB
SwapCached:          568 kB
Active:          4462068 kB
Inactive:        1347524 kB
Active(anon):    3688348 kB
Inactive(anon):   601884 kB
Active(file):     773720 kB
Inactive(file):   745640 kB
Unevictable:          80 kB
Mlocked:              80 kB
SwapTotal:       2097148 kB
SwapFree:        2077168 kB
Dirty:               404 kB
Writeback:             0 kB
AnonPages:       4238496 kB
Mapped:           507136 kB
Shmem:             51704 kB
Slab:             235544 kB
SReclaimable:     148368 kB
SUnreclaim:        87176 kB
KernelStack:       18304 kB
PageTables:        77420 kB
NFS_Unstable:          0 kB
Bounce:                0 kB
WritebackTmp:          0 kB
CommitLimit:     6189172 kB
Committed_AS:   12613308 kB
VmallocTotal:   34359738367 kB
VmallocUsed:           0 kB
VmallocChunk:          0 kB
HardwareCorrupted:     0 kB
AnonHugePages:         0 kB
ShmemHugePages:        0 kB
ShmemPmdMapped:        0 kB
CmaTotal:              0 kB
CmaFree:               0 kB
HugePages_Total:       0
HugePages_Free:        0
HugePages_Rsvd:        0
HugePages_Surp:        0
Hugepagesize:       2048 kB
DirectMap4k:      379812 kB
DirectMap2M:     7960576 kB
DirectMap1G:     1048576 kB

container (cgroup) information:
container_type: cgroupv1
cpu_cpuset_cpus: 0-11
cpu_memory_nodes: 0
active_processor_count: 12
cpu_quota: -1
cpu_period: 100000
cpu_shares: -1
memory_limit_in_bytes: -1
memory_and_swap_limit_in_bytes: -2
memory_soft_limit_in_bytes: -1
memory_usage_in_bytes: 5949476864
memory_max_usage_in_bytes: 94937088


CPU:total 12 (initial active 12) (12 cores per cpu, 2 threads per core) family 23 model 1 stepping 1, cmov, cx8, fxsr, mmx, sse, sse2, sse3, ssse3, sse4.1, sse4.2, popcnt, avx, avx2, aes, clmul, mmxext, 3dnowpref, lzcnt, sse4a, ht, tsc, tscinvbit, tscinv, bmi1, bmi2, adx, sha, fma
CPU Model and flags from /proc/cpuinfo:
model name	: AMD Ryzen 5 1600 Six-Core Processor
flags		: fpu vme de pse tsc msr pae mce cx8 apic sep mtrr pge mca cmov pat pse36 clflush mmx fxsr sse sse2 ht syscall nx mmxext fxsr_opt pdpe1gb rdtscp lm constant_tsc rep_good nopl nonstop_tsc cpuid extd_apicid aperfmperf pni pclmulqdq monitor ssse3 fma cx16 sse4_1 sse4_2 movbe popcnt aes xsave avx f16c rdrand lahf_lm cmp_legacy svm extapic cr8_legacy abm sse4a misalignsse 3dnowprefetch osvw skinit wdt tce topoext perfctr_core perfctr_nb bpext perfctr_llc mwaitx cpb hw_pstate sme ssbd vmmcall fsgsbase bmi1 avx2 smep bmi2 rdseed adx smap clflushopt sha_ni xsaveopt xsavec xgetbv1 xsaves clzero irperf xsaveerptr arat npt lbrv svm_lock nrip_save tsc_scale vmcb_clean flushbyasid decodeassists pausefilter pfthreshold avic v_vmsave_vmload vgif overflow_recov succor smca

Memory: 4k page, physical 8184048k(1914116k free), swap 2097148k(2077168k free)

vm_info: OpenJDK 64-Bit Server VM (10.0.2+13-Ubuntu-1ubuntu0.18.04.4) for linux-amd64 JRE (10.0.2+13-Ubuntu-1ubuntu0.18.04.4), built on Nov 13 2018 12:53:39 by "buildd" with gcc 7.3.0

END.
